This file contains any messages produced by compilers while
running configure, to aid debugging if configure makes a mistake.

It was created by linphone configure 3.8.5, which was
generated by GNU Autoconf 2.69.  Invocation command line was

  $ ./configure --disable-x11 --enable-gtk_ui=no --disable-xv --enable-sdl --disable-video

## --------- ##
## Platform. ##
## --------- ##

hostname = a20-olimex
uname -m = armv7l
uname -r = 3.4.90+
uname -s = Linux
uname -v = #11 SMP PREEMPT Wed Aug 20 08:20:32 EEST 2014

/usr/bin/uname -p = unknown
/bin/uname -X     = unknown

/bin/arch              = unknown
/usr/bin/arch -k       = unknown
/usr/convex/getsysinfo = unknown
/usr/bin/hostinfo      = unknown
/bin/machine           = unknown
/usr/bin/oslevel       = unknown
/bin/universe          = unknown

PATH: /usr/local/sbin
PATH: /usr/local/bin
PATH: /usr/sbin
PATH: /usr/bin
PATH: /sbin
PATH: /bin


## ----------- ##
## Core tests. ##
## ----------- ##

configure:2740: checking build system type
configure:2754: result: armv7l-unknown-linux-gnueabihf
configure:2774: checking host system type
configure:2787: result: armv7l-unknown-linux-gnueabihf
configure:2807: checking target system type
configure:2820: result: armv7l-unknown-linux-gnueabihf
configure:2869: linphone-3.8.5		A full featured audio/video sip phone.
configure:2871: licensed under the terms of the General Public License (GPL)
configure:2890: checking for a BSD-compatible install
configure:2958: result: /usr/bin/install -c
configure:2969: checking whether build environment is sane
configure:3019: result: yes
configure:3160: checking for a thread-safe mkdir -p
configure:3199: result: /bin/mkdir -p
configure:3207: checking for gawk
configure:3237: result: no
configure:3207: checking for mawk
configure:3223: found /usr/bin/mawk
configure:3234: result: mawk
configure:3245: checking whether make sets $(MAKE)
configure:3267: result: yes
configure:3342: checking how to create a pax tar archive
configure:3355: tar --version
tar (GNU tar) 1.26
Copyright (C) 2011 Free Software Foundation, Inc.
License GPLv3+: GNU GPL version 3 or later <http://gnu.org/licenses/gpl.html>.
This is free software: you are free to change and redistribute it.
There is NO WARRANTY, to the extent permitted by law.

Written by John Gilmore and Jay Fenlason.
configure:3358: $? = 0
configure:3398: tardir=conftest.dir && eval tar --format=posix -chf - "$tardir" >conftest.tar
configure:3401: $? = 0
configure:3405: tar -xf - <conftest.tar
configure:3408: $? = 0
configure:3421: result: gnutar
configure:3440: checking whether make supports nested variables
configure:3457: result: yes
configure:3531: checking for xcrun
configure:3561: result: no
configure:3531: checking for g++
configure:3547: found /usr/bin/g++
configure:3558: result: g++
configure:3585: checking for C++ compiler version
configure:3594: g++ --version >&5
g++ (Debian 4.6.3-14) 4.6.3
Copyright (C) 2011 Free Software Foundation, Inc.
This is free software; see the source for copying conditions.  There is NO
warranty; not even for MERCHANTABILITY or FITNESS FOR A PARTICULAR PURPOSE.

configure:3605: $? = 0
configure:3594: g++ -v >&5
Using built-in specs.
COLLECT_GCC=g++
COLLECT_LTO_WRAPPER=/usr/lib/gcc/arm-linux-gnueabihf/4.6/lto-wrapper
Target: arm-linux-gnueabihf
Configured with: ../src/configure -v --with-pkgversion='Debian 4.6.3-14' --with-bugurl=file:///usr/share/doc/gcc-4.6/README.Bugs --enable-languages=c,c++,fortran,objc,obj-c++ --prefix=/usr --program-suffix=-4.6 --enable-shared --enable-linker-build-id --with-system-zlib --libexecdir=/usr/lib --without-included-gettext --enable-threads=posix --with-gxx-include-dir=/usr/include/c++/4.6 --libdir=/usr/lib --enable-nls --with-sysroot=/ --enable-clocale=gnu --enable-libstdcxx-debug --enable-libstdcxx-time=yes --enable-gnu-unique-object --enable-plugin --enable-objc-gc --disable-sjlj-exceptions --with-arch=armv7-a --with-fpu=vfpv3-d16 --with-float=hard --with-mode=thumb --enable-checking=release --build=arm-linux-gnueabihf --host=arm-linux-gnueabihf --target=arm-linux-gnueabihf
Thread model: posix
gcc version 4.6.3 (Debian 4.6.3-14) 
configure:3605: $? = 0
configure:3594: g++ -V >&5
g++: error: unrecognized option '-V'
g++: fatal error: no input files
compilation terminated.
configure:3605: $? = 4
configure:3594: g++ -qversion >&5
g++: error: unrecognized option '-qversion'
g++: fatal error: no input files
compilation terminated.
configure:3605: $? = 4
configure:3625: checking whether the C++ compiler works
configure:3647: g++    conftest.cpp  >&5
configure:3651: $? = 0
configure:3699: result: yes
configure:3702: checking for C++ compiler default output file name
configure:3704: result: a.out
configure:3710: checking for suffix of executables
configure:3717: g++ -o conftest    conftest.cpp  >&5
configure:3721: $? = 0
configure:3743: result: 
configure:3765: checking whether we are cross compiling
configure:3773: g++ -o conftest    conftest.cpp  >&5
configure:3777: $? = 0
configure:3784: ./conftest
configure:3788: $? = 0
configure:3803: result: no
configure:3808: checking for suffix of object files
configure:3830: g++ -c   conftest.cpp >&5
configure:3834: $? = 0
configure:3855: result: o
configure:3859: checking whether we are using the GNU C++ compiler
configure:3878: g++ -c   conftest.cpp >&5
configure:3878: $? = 0
configure:3887: result: yes
configure:3896: checking whether g++ accepts -g
configure:3916: g++ -c -g  conftest.cpp >&5
configure:3916: $? = 0
configure:3957: result: yes
configure:3991: checking for style of include used by make
configure:4019: result: GNU
configure:4045: checking dependency style of g++
configure:4156: result: gcc3
configure:4225: checking for xcrun
configure:4255: result: no
configure:4225: checking for gcc
configure:4241: found /usr/bin/gcc
configure:4252: result: gcc
configure:4283: checking for C compiler version
configure:4292: gcc --version >&5
gcc (Debian 4.6.3-14) 4.6.3
Copyright (C) 2011 Free Software Foundation, Inc.
This is free software; see the source for copying conditions.  There is NO
warranty; not even for MERCHANTABILITY or FITNESS FOR A PARTICULAR PURPOSE.

configure:4303: $? = 0
configure:4292: gcc -v >&5
Using built-in specs.
COLLECT_GCC=gcc
COLLECT_LTO_WRAPPER=/usr/lib/gcc/arm-linux-gnueabihf/4.6/lto-wrapper
Target: arm-linux-gnueabihf
Configured with: ../src/configure -v --with-pkgversion='Debian 4.6.3-14' --with-bugurl=file:///usr/share/doc/gcc-4.6/README.Bugs --enable-languages=c,c++,fortran,objc,obj-c++ --prefix=/usr --program-suffix=-4.6 --enable-shared --enable-linker-build-id --with-system-zlib --libexecdir=/usr/lib --without-included-gettext --enable-threads=posix --with-gxx-include-dir=/usr/include/c++/4.6 --libdir=/usr/lib --enable-nls --with-sysroot=/ --enable-clocale=gnu --enable-libstdcxx-debug --enable-libstdcxx-time=yes --enable-gnu-unique-object --enable-plugin --enable-objc-gc --disable-sjlj-exceptions --with-arch=armv7-a --with-fpu=vfpv3-d16 --with-float=hard --with-mode=thumb --enable-checking=release --build=arm-linux-gnueabihf --host=arm-linux-gnueabihf --target=arm-linux-gnueabihf
Thread model: posix
gcc version 4.6.3 (Debian 4.6.3-14) 
configure:4303: $? = 0
configure:4292: gcc -V >&5
gcc: error: unrecognized option '-V'
gcc: fatal error: no input files
compilation terminated.
configure:4303: $? = 4
configure:4292: gcc -qversion >&5
gcc: error: unrecognized option '-qversion'
gcc: fatal error: no input files
compilation terminated.
configure:4303: $? = 4
configure:4307: checking whether we are using the GNU C compiler
configure:4326: gcc -c   conftest.c >&5
configure:4326: $? = 0
configure:4335: result: yes
configure:4344: checking whether gcc accepts -g
configure:4364: gcc -c -g  conftest.c >&5
configure:4364: $? = 0
configure:4405: result: yes
configure:4422: checking for gcc option to accept ISO C89
configure:4485: gcc  -c -g -O2  conftest.c >&5
configure:4485: $? = 0
configure:4498: result: none needed
configure:4520: checking dependency style of gcc
configure:4631: result: gcc3
configure:4649: checking if gcc/ld supports -Wl,--output-def
configure:4670: gcc -o conftest -g -O2  -Wl,--output-def,conftest.def conftest.c  >&5
/usr/bin/ld: unrecognized option '--output-def'
/usr/bin/ld: use the --help option for usage information
collect2: ld returned 1 exit status
configure:4670: $? = 1
configure: failed program was:
| /* confdefs.h */
| #define PACKAGE_NAME "linphone"
| #define PACKAGE_TARNAME "linphone"
| #define PACKAGE_VERSION "3.8.5"
| #define PACKAGE_STRING "linphone 3.8.5"
| #define PACKAGE_BUGREPORT "linphone-developers@nongnu.org"
| #define PACKAGE_URL ""
| #define PACKAGE "linphone"
| #define VERSION "3.8.5"
| /* end confdefs.h.  */
| 
| int
| main ()
| {
| 
|   ;
|   return 0;
| }
configure:4681: result: no
configure:4694: checking for strerror in -lcposix
configure:4719: gcc -o conftest -g -O2   conftest.c -lcposix   >&5
/usr/bin/ld: cannot find -lcposix
collect2: ld returned 1 exit status
configure:4719: $? = 1
configure: failed program was:
| /* confdefs.h */
| #define PACKAGE_NAME "linphone"
| #define PACKAGE_TARNAME "linphone"
| #define PACKAGE_VERSION "3.8.5"
| #define PACKAGE_STRING "linphone 3.8.5"
| #define PACKAGE_BUGREPORT "linphone-developers@nongnu.org"
| #define PACKAGE_URL ""
| #define PACKAGE "linphone"
| #define VERSION "3.8.5"
| /* end confdefs.h.  */
| 
| /* Override any GCC internal prototype to avoid an error.
|    Use char because int might match the return type of a GCC
|    builtin and then its argument prototype would still apply.  */
| #ifdef __cplusplus
| extern "C"
| #endif
| char strerror ();
| int
| main ()
| {
| return strerror ();
|   ;
|   return 0;
| }
configure:4728: result: no
configure:4736: checking for inline
configure:4752: gcc -c -g -O2  conftest.c >&5
configure:4752: $? = 0
configure:4760: result: inline
configure:4783: checking how to run the C preprocessor
configure:4814: gcc -E  conftest.c
configure:4814: $? = 0
configure:4828: gcc -E  conftest.c
conftest.c:11:28: fatal error: ac_nonexistent.h: No such file or directory
compilation terminated.
configure:4828: $? = 1
configure: failed program was:
| /* confdefs.h */
| #define PACKAGE_NAME "linphone"
| #define PACKAGE_TARNAME "linphone"
| #define PACKAGE_VERSION "3.8.5"
| #define PACKAGE_STRING "linphone 3.8.5"
| #define PACKAGE_BUGREPORT "linphone-developers@nongnu.org"
| #define PACKAGE_URL ""
| #define PACKAGE "linphone"
| #define VERSION "3.8.5"
| /* end confdefs.h.  */
| #include <ac_nonexistent.h>
configure:4853: result: gcc -E
configure:4873: gcc -E  conftest.c
configure:4873: $? = 0
configure:4887: gcc -E  conftest.c
conftest.c:11:28: fatal error: ac_nonexistent.h: No such file or directory
compilation terminated.
configure:4887: $? = 1
configure: failed program was:
| /* confdefs.h */
| #define PACKAGE_NAME "linphone"
| #define PACKAGE_TARNAME "linphone"
| #define PACKAGE_VERSION "3.8.5"
| #define PACKAGE_STRING "linphone 3.8.5"
| #define PACKAGE_BUGREPORT "linphone-developers@nongnu.org"
| #define PACKAGE_URL ""
| #define PACKAGE "linphone"
| #define VERSION "3.8.5"
| /* end confdefs.h.  */
| #include <ac_nonexistent.h>
configure:4916: checking for grep that handles long lines and -e
configure:4974: result: /bin/grep
configure:4979: checking for egrep
configure:5041: result: /bin/grep -E
configure:5046: checking for ANSI C header files
configure:5066: gcc -c -g -O2  conftest.c >&5
configure:5066: $? = 0
configure:5139: gcc -o conftest -g -O2   conftest.c  >&5
configure:5139: $? = 0
configure:5139: ./conftest
configure:5139: $? = 0
configure:5150: result: yes
configure:5159: checking whether gcc and cc understand -c and -o together
configure:5190: gcc -c conftest.c -o conftest2.o >&5
configure:5194: $? = 0
configure:5200: gcc -c conftest.c -o conftest2.o >&5
configure:5204: $? = 0
configure:5215: cc -c conftest.c >&5
configure:5219: $? = 0
configure:5227: cc -c conftest.c -o conftest2.o >&5
configure:5231: $? = 0
configure:5237: cc -c conftest.c -o conftest2.o >&5
configure:5241: $? = 0
configure:5259: result: yes
configure:5288: checking for md5sum
configure:5304: found /usr/bin/md5sum
configure:5315: result: md5sum
configure:5484: checking whether NLS is requested
configure:5493: result: yes
configure:5511: checking for intltool >= 0.40
configure:5513: result: 0.50.2 found
configure:5521: checking for intltool-update
configure:5539: found /usr/bin/intltool-update
configure:5551: result: /usr/bin/intltool-update
configure:5561: checking for intltool-merge
configure:5579: found /usr/bin/intltool-merge
configure:5591: result: /usr/bin/intltool-merge
configure:5601: checking for intltool-extract
configure:5619: found /usr/bin/intltool-extract
configure:5631: result: /usr/bin/intltool-extract
configure:5785: checking for xgettext
configure:5803: found /usr/bin/xgettext
configure:5815: result: /usr/bin/xgettext
configure:5825: checking for msgmerge
configure:5843: found /usr/bin/msgmerge
configure:5855: result: /usr/bin/msgmerge
configure:5865: checking for msgfmt
configure:5883: found /usr/bin/msgfmt
configure:5895: result: /usr/bin/msgfmt
configure:5905: checking for gmsgfmt
configure:5936: result: /usr/bin/msgfmt
configure:5956: checking for perl
configure:5974: found /usr/bin/perl
configure:5986: result: /usr/bin/perl
configure:5997: checking for perl >= 5.8.1
configure:6004: result: 5.14.2
configure:6036: gcc -o conftest -g -O2   conftest.c  >&5
configure:6036: $? = 0
configure:6109: checking how to print strings
configure:6136: result: printf
configure:6157: checking for a sed that does not truncate output
configure:6221: result: /bin/sed
configure:6239: checking for fgrep
configure:6301: result: /bin/grep -F
configure:6336: checking for ld used by gcc
configure:6403: result: /usr/bin/ld
configure:6410: checking if the linker (/usr/bin/ld) is GNU ld
configure:6425: result: yes
configure:6437: checking for BSD- or MS-compatible name lister (nm)
configure:6486: result: /usr/bin/nm -B
configure:6616: checking the name lister (/usr/bin/nm -B) interface
configure:6623: gcc -c -g -O2  conftest.c >&5
configure:6626: /usr/bin/nm -B "conftest.o"
configure:6629: output
00000000 B some_variable
configure:6636: result: BSD nm
configure:6639: checking whether ln -s works
configure:6643: result: yes
configure:6651: checking the maximum length of command line arguments
configure:6781: result: 1572864
configure:6798: checking whether the shell understands some XSI constructs
configure:6808: result: yes
configure:6812: checking whether the shell understands "+="
configure:6818: result: yes
configure:6853: checking how to convert armv7l-unknown-linux-gnueabihf file names to armv7l-unknown-linux-gnueabihf format
configure:6893: result: func_convert_file_noop
configure:6900: checking how to convert armv7l-unknown-linux-gnueabihf file names to toolchain format
configure:6920: result: func_convert_file_noop
configure:6927: checking for /usr/bin/ld option to reload object files
configure:6934: result: -r
configure:7008: checking for objdump
configure:7024: found /usr/bin/objdump
configure:7035: result: objdump
configure:7064: checking how to recognize dependent libraries
configure:7262: result: pass_all
configure:7347: checking for dlltool
configure:7377: result: no
configure:7404: checking how to associate runtime and link libraries
configure:7431: result: printf %s\n
configure:7491: checking for ar
configure:7507: found /usr/bin/ar
configure:7518: result: ar
configure:7555: checking for archiver @FILE support
configure:7572: gcc -c -g -O2  conftest.c >&5
configure:7572: $? = 0
configure:7575: ar cru libconftest.a @conftest.lst >&5
configure:7578: $? = 0
configure:7583: ar cru libconftest.a @conftest.lst >&5
ar: conftest.o: No such file or directory
configure:7586: $? = 1
configure:7598: result: @
configure:7656: checking for strip
configure:7672: found /usr/bin/strip
configure:7683: result: strip
configure:7755: checking for ranlib
configure:7771: found /usr/bin/ranlib
configure:7782: result: ranlib
configure:7884: checking command to parse /usr/bin/nm -B output from gcc object
configure:8004: gcc -c -g -O2  conftest.c >&5
configure:8007: $? = 0
configure:8011: /usr/bin/nm -B conftest.o \| sed -n -e 's/^.*[ ]\([ABCDGIRSTW][ABCDGIRSTW]*\)[ ][ ]*\([_A-Za-z][_A-Za-z0-9]*\)$/\1 \2 \2/p' | sed '/ __gnu_lto/d' \> conftest.nm
configure:8014: $? = 0
configure:8080: gcc -o conftest -g -O2   conftest.c conftstm.o >&5
configure:8083: $? = 0
configure:8121: result: ok
configure:8158: checking for sysroot
configure:8188: result: no
configure:8444: checking for mt
configure:8460: found /bin/mt
configure:8471: result: mt
configure:8494: checking if mt is a manifest tool
configure:8500: mt '-?'
configure:8508: result: no
configure:9150: checking for sys/types.h
configure:9150: gcc -c -g -O2  conftest.c >&5
configure:9150: $? = 0
configure:9150: result: yes
configure:9150: checking for sys/stat.h
configure:9150: gcc -c -g -O2  conftest.c >&5
configure:9150: $? = 0
configure:9150: result: yes
configure:9150: checking for stdlib.h
configure:9150: gcc -c -g -O2  conftest.c >&5
configure:9150: $? = 0
configure:9150: result: yes
configure:9150: checking for string.h
configure:9150: gcc -c -g -O2  conftest.c >&5
configure:9150: $? = 0
configure:9150: result: yes
configure:9150: checking for memory.h
configure:9150: gcc -c -g -O2  conftest.c >&5
configure:9150: $? = 0
configure:9150: result: yes
configure:9150: checking for strings.h
configure:9150: gcc -c -g -O2  conftest.c >&5
configure:9150: $? = 0
configure:9150: result: yes
configure:9150: checking for inttypes.h
configure:9150: gcc -c -g -O2  conftest.c >&5
configure:9150: $? = 0
configure:9150: result: yes
configure:9150: checking for stdint.h
configure:9150: gcc -c -g -O2  conftest.c >&5
configure:9150: $? = 0
configure:9150: result: yes
configure:9150: checking for unistd.h
configure:9150: gcc -c -g -O2  conftest.c >&5
configure:9150: $? = 0
configure:9150: result: yes
configure:9164: checking for dlfcn.h
configure:9164: gcc -c -g -O2  conftest.c >&5
configure:9164: $? = 0
configure:9164: result: yes
configure:9677: checking for objdir
configure:9692: result: .libs
configure:9963: checking if gcc supports -fno-rtti -fno-exceptions
configure:9981: gcc -c -g -O2  -fno-rtti -fno-exceptions conftest.c >&5
cc1: warning: command line option '-fno-rtti' is valid for C++/ObjC++ but not for C [enabled by default]
configure:9985: $? = 0
configure:9998: result: no
configure:10325: checking for gcc option to produce PIC
configure:10332: result: -fPIC -DPIC
configure:10340: checking if gcc PIC flag -fPIC -DPIC works
configure:10358: gcc -c -g -O2  -fPIC -DPIC -DPIC conftest.c >&5
configure:10362: $? = 0
configure:10375: result: yes
configure:10404: checking if gcc static flag -static works
configure:10432: result: yes
configure:10447: checking if gcc supports -c -o file.o
configure:10468: gcc -c -g -O2  -o out/conftest2.o conftest.c >&5
configure:10472: $? = 0
configure:10494: result: yes
configure:10502: checking if gcc supports -c -o file.o
configure:10549: result: yes
configure:10582: checking whether the gcc linker (/usr/bin/ld) supports shared libraries
configure:11739: result: yes
configure:11776: checking whether -lc should be explicitly linked in
configure:11784: gcc -c -g -O2  conftest.c >&5
configure:11787: $? = 0
configure:11802: gcc -shared  -fPIC -DPIC conftest.o  -v -Wl,-soname -Wl,conftest -o conftest 2\>\&1 \| /bin/grep  -lc  \>/dev/null 2\>\&1
configure:11805: $? = 0
configure:11819: result: no
configure:11979: checking dynamic linker characteristics
configure:12479: gcc -o conftest -g -O2   -Wl,-rpath -Wl,/foo conftest.c  >&5
configure:12479: $? = 0
configure:12713: result: GNU/Linux ld.so
configure:12820: checking how to hardcode library paths into programs
configure:12845: result: immediate
configure:13385: checking whether stripping libraries is possible
configure:13390: result: yes
configure:13425: checking if libtool supports shared libraries
configure:13427: result: yes
configure:13430: checking whether to build shared libraries
configure:13451: result: yes
configure:13454: checking whether to build static libraries
configure:13458: result: no
configure:13481: checking how to run the C++ preprocessor
configure:13508: g++ -E  conftest.cpp
configure:13508: $? = 0
configure:13522: g++ -E  conftest.cpp
conftest.cpp:23:28: fatal error: ac_nonexistent.h: No such file or directory
compilation terminated.
configure:13522: $? = 1
configure: failed program was:
| /* confdefs.h */
| #define PACKAGE_NAME "linphone"
| #define PACKAGE_TARNAME "linphone"
| #define PACKAGE_VERSION "3.8.5"
| #define PACKAGE_STRING "linphone 3.8.5"
| #define PACKAGE_BUGREPORT "linphone-developers@nongnu.org"
| #define PACKAGE_URL ""
| #define PACKAGE "linphone"
| #define VERSION "3.8.5"
| #define STDC_HEADERS 1
| #define HAVE_SYS_TYPES_H 1
| #define HAVE_SYS_STAT_H 1
| #define HAVE_STDLIB_H 1
| #define HAVE_STRING_H 1
| #define HAVE_MEMORY_H 1
| #define HAVE_STRINGS_H 1
| #define HAVE_INTTYPES_H 1
| #define HAVE_STDINT_H 1
| #define HAVE_UNISTD_H 1
| #define HAVE_DLFCN_H 1
| #define LT_OBJDIR ".libs/"
| /* end confdefs.h.  */
| #include <ac_nonexistent.h>
configure:13547: result: g++ -E
configure:13567: g++ -E  conftest.cpp
configure:13567: $? = 0
configure:13581: g++ -E  conftest.cpp
conftest.cpp:23:28: fatal error: ac_nonexistent.h: No such file or directory
compilation terminated.
configure:13581: $? = 1
configure: failed program was:
| /* confdefs.h */
| #define PACKAGE_NAME "linphone"
| #define PACKAGE_TARNAME "linphone"
| #define PACKAGE_VERSION "3.8.5"
| #define PACKAGE_STRING "linphone 3.8.5"
| #define PACKAGE_BUGREPORT "linphone-developers@nongnu.org"
| #define PACKAGE_URL ""
| #define PACKAGE "linphone"
| #define VERSION "3.8.5"
| #define STDC_HEADERS 1
| #define HAVE_SYS_TYPES_H 1
| #define HAVE_SYS_STAT_H 1
| #define HAVE_STDLIB_H 1
| #define HAVE_STRING_H 1
| #define HAVE_MEMORY_H 1
| #define HAVE_STRINGS_H 1
| #define HAVE_INTTYPES_H 1
| #define HAVE_STDINT_H 1
| #define HAVE_UNISTD_H 1
| #define HAVE_DLFCN_H 1
| #define LT_OBJDIR ".libs/"
| /* end confdefs.h.  */
| #include <ac_nonexistent.h>
configure:13750: checking for ld used by g++
configure:13817: result: /usr/bin/ld
configure:13824: checking if the linker (/usr/bin/ld) is GNU ld
configure:13839: result: yes
configure:13894: checking whether the g++ linker (/usr/bin/ld) supports shared libraries
configure:14896: result: yes
configure:14932: g++ -c -g -O2  conftest.cpp >&5
configure:14935: $? = 0
configure:15455: checking for g++ option to produce PIC
configure:15462: result: -fPIC -DPIC
configure:15470: checking if g++ PIC flag -fPIC -DPIC works
configure:15488: g++ -c -g -O2  -fPIC -DPIC -DPIC conftest.cpp >&5
configure:15492: $? = 0
configure:15505: result: yes
configure:15528: checking if g++ static flag -static works
configure:15556: result: yes
configure:15568: checking if g++ supports -c -o file.o
configure:15589: g++ -c -g -O2  -o out/conftest2.o conftest.cpp >&5
configure:15593: $? = 0
configure:15615: result: yes
configure:15620: checking if g++ supports -c -o file.o
configure:15667: result: yes
configure:15697: checking whether the g++ linker (/usr/bin/ld) supports shared libraries
configure:15736: result: yes
configure:15877: checking dynamic linker characteristics
configure:16545: result: GNU/Linux ld.so
configure:16598: checking how to hardcode library paths into programs
configure:16623: result: immediate
configure:16693: Enable library dependencies linking: 
configure:16760: checking for pkg-config
configure:16778: found /usr/bin/pkg-config
configure:16790: result: /usr/bin/pkg-config
configure:16815: checking pkg-config is at least version 0.9.0
configure:16818: result: yes
configure:16871: checking for msgfmt
configure:16903: result: /usr/bin/msgfmt
configure:16912: checking for gmsgfmt
configure:16943: result: /usr/bin/msgfmt
configure:16994: checking for xgettext
configure:17026: result: /usr/bin/xgettext
configure:17072: checking for msgmerge
configure:17103: result: /usr/bin/msgmerge
configure:17157: checking for ld used by GCC
configure:17221: result: /usr/bin/ld
configure:17228: checking if the linker (/usr/bin/ld) is GNU ld
configure:17241: result: yes
configure:17248: checking for shared library run path origin
configure:17261: result: done
configure:17718: checking for CFPreferencesCopyAppValue
configure:17736: gcc -o conftest -g -O2   conftest.c  -Wl,-framework -Wl,CoreFoundation >&5
conftest.c:24:42: fatal error: CoreFoundation/CFPreferences.h: No such file or directory
compilation terminated.
configure:17736: $? = 1
configure: failed program was:
| /* confdefs.h */
| #define PACKAGE_NAME "linphone"
| #define PACKAGE_TARNAME "linphone"
| #define PACKAGE_VERSION "3.8.5"
| #define PACKAGE_STRING "linphone 3.8.5"
| #define PACKAGE_BUGREPORT "linphone-developers@nongnu.org"
| #define PACKAGE_URL ""
| #define PACKAGE "linphone"
| #define VERSION "3.8.5"
| #define STDC_HEADERS 1
| #define HAVE_SYS_TYPES_H 1
| #define HAVE_SYS_STAT_H 1
| #define HAVE_STDLIB_H 1
| #define HAVE_STRING_H 1
| #define HAVE_MEMORY_H 1
| #define HAVE_STRINGS_H 1
| #define HAVE_INTTYPES_H 1
| #define HAVE_STDINT_H 1
| #define HAVE_UNISTD_H 1
| #define HAVE_DLFCN_H 1
| #define LT_OBJDIR ".libs/"
| #define LINPHONE_ALL_LANGS "ar cs de es fr he hu it ja nb_NO nl pl pt_BR ru sr sv tr zh_CN zh_TW"
| /* end confdefs.h.  */
| #include <CoreFoundation/CFPreferences.h>
| int
| main ()
| {
| CFPreferencesCopyAppValue(NULL, NULL)
|   ;
|   return 0;
| }
configure:17745: result: no
configure:17752: checking for CFLocaleCopyCurrent
configure:17770: gcc -o conftest -g -O2   conftest.c  -Wl,-framework -Wl,CoreFoundation >&5
conftest.c:24:37: fatal error: CoreFoundation/CFLocale.h: No such file or directory
compilation terminated.
configure:17770: $? = 1
configure: failed program was:
| /* confdefs.h */
| #define PACKAGE_NAME "linphone"
| #define PACKAGE_TARNAME "linphone"
| #define PACKAGE_VERSION "3.8.5"
| #define PACKAGE_STRING "linphone 3.8.5"
| #define PACKAGE_BUGREPORT "linphone-developers@nongnu.org"
| #define PACKAGE_URL ""
| #define PACKAGE "linphone"
| #define VERSION "3.8.5"
| #define STDC_HEADERS 1
| #define HAVE_SYS_TYPES_H 1
| #define HAVE_SYS_STAT_H 1
| #define HAVE_STDLIB_H 1
| #define HAVE_STRING_H 1
| #define HAVE_MEMORY_H 1
| #define HAVE_STRINGS_H 1
| #define HAVE_INTTYPES_H 1
| #define HAVE_STDINT_H 1
| #define HAVE_UNISTD_H 1
| #define HAVE_DLFCN_H 1
| #define LT_OBJDIR ".libs/"
| #define LINPHONE_ALL_LANGS "ar cs de es fr he hu it ja nb_NO nl pl pt_BR ru sr sv tr zh_CN zh_TW"
| /* end confdefs.h.  */
| #include <CoreFoundation/CFLocale.h>
| int
| main ()
| {
| CFLocaleCopyCurrent();
|   ;
|   return 0;
| }
configure:17779: result: no
configure:17828: checking for GNU gettext in libc
configure:17848: gcc -o conftest -g -O2   conftest.c  >&5
configure:17848: $? = 0
configure:17857: result: yes
configure:18463: checking whether to use NLS
configure:18465: result: yes
configure:18468: checking where the gettext function comes from
configure:18479: result: libc
configure:18559: checking for get_current_dir_name
configure:18559: gcc -o conftest -g -O2   conftest.c   >&5
configure:18559: $? = 0
configure:18559: result: yes
configure:18559: checking for strndup
configure:18559: gcc -o conftest -g -O2   conftest.c   >&5
conftest.c:52:6: warning: conflicting types for built-in function 'strndup' [enabled by default]
configure:18559: $? = 0
configure:18559: result: yes
configure:18559: checking for stpcpy
configure:18559: gcc -o conftest -g -O2   conftest.c   >&5
conftest.c:53:6: warning: conflicting types for built-in function 'stpcpy' [enabled by default]
configure:18559: $? = 0
configure:18559: result: yes
configure:18931: checking for LIBUPNP
configure:18938: $PKG_CONFIG --exists --print-errors "libupnp"
configure:18941: $? = 0
configure:18955: $PKG_CONFIG --exists --print-errors "libupnp"
configure:18958: $? = 0
configure:19006: result: yes
configure:19046: checking for ZLIB
configure:19053: $PKG_CONFIG --exists --print-errors "zlib"
configure:19056: $? = 0
configure:19070: $PKG_CONFIG --exists --print-errors "zlib"
configure:19073: $? = 0
configure:19111: result: yes
configure:19191: ZLIB found
configure:19202: checking for LIBXML2
configure:19209: $PKG_CONFIG --exists --print-errors "libxml-2.0"
configure:19212: $? = 0
configure:19226: $PKG_CONFIG --exists --print-errors "libxml-2.0"
configure:19229: $? = 0
configure:19267: result: yes
configure:20029: checking for getifaddrs
configure:20029: gcc -o conftest -g -O2   conftest.c   >&5
configure:20029: $? = 0
configure:20029: result: yes
configure:20065: checking readline.h usability
configure:20065: gcc -c -g -O2  -I/usr/local/include conftest.c >&5
conftest.c:73:22: fatal error: readline.h: No such file or directory
compilation terminated.
configure:20065: $? = 1
configure: failed program was:
| /* confdefs.h */
| #define PACKAGE_NAME "linphone"
| #define PACKAGE_TARNAME "linphone"
| #define PACKAGE_VERSION "3.8.5"
| #define PACKAGE_STRING "linphone 3.8.5"
| #define PACKAGE_BUGREPORT "linphone-developers@nongnu.org"
| #define PACKAGE_URL ""
| #define PACKAGE "linphone"
| #define VERSION "3.8.5"
| #define STDC_HEADERS 1
| #define HAVE_SYS_TYPES_H 1
| #define HAVE_SYS_STAT_H 1
| #define HAVE_STDLIB_H 1
| #define HAVE_STRING_H 1
| #define HAVE_MEMORY_H 1
| #define HAVE_STRINGS_H 1
| #define HAVE_INTTYPES_H 1
| #define HAVE_STDINT_H 1
| #define HAVE_UNISTD_H 1
| #define HAVE_DLFCN_H 1
| #define LT_OBJDIR ".libs/"
| #define LINPHONE_ALL_LANGS "ar cs de es fr he hu it ja nb_NO nl pl pt_BR ru sr sv tr zh_CN zh_TW"
| #define ENABLE_NLS 1
| #define HAVE_GETTEXT 1
| #define HAVE_DCGETTEXT 1
| #define GETTEXT_PACKAGE "linphone"
| #define HAVE_GET_CURRENT_DIR_NAME 1
| #define HAVE_STRNDUP 1
| #define HAVE_STPCPY 1
| #define BUILD_UPNP 1
| #define HAVE_ZLIB 1
| #define BUILD_TOOLS 1
| #define __ARM__ 1
| #define LINPHONE_CONFIG_DIR "Linphone"
| #define PACKAGE_LOCALE_DIR "/usr/local/share/locale"
| #define PACKAGE_DATA_DIR "/usr/local/share"
| #define PACKAGE_SOUND_DIR "/usr/local/share/sounds/linphone"
| #define HAVE_GETIFADDRS 1
| /* end confdefs.h.  */
| #include <stdio.h>
| #ifdef HAVE_SYS_TYPES_H
| # include <sys/types.h>
| #endif
| #ifdef HAVE_SYS_STAT_H
| # include <sys/stat.h>
| #endif
| #ifdef STDC_HEADERS
| # include <stdlib.h>
| # include <stddef.h>
| #else
| # ifdef HAVE_STDLIB_H
| #  include <stdlib.h>
| # endif
| #endif
| #ifdef HAVE_STRING_H
| # if !defined STDC_HEADERS && defined HAVE_MEMORY_H
| #  include <memory.h>
| # endif
| # include <string.h>
| #endif
| #ifdef HAVE_STRINGS_H
| # include <strings.h>
| #endif
| #ifdef HAVE_INTTYPES_H
| # include <inttypes.h>
| #endif
| #ifdef HAVE_STDINT_H
| # include <stdint.h>
| #endif
| #ifdef HAVE_UNISTD_H
| # include <unistd.h>
| #endif
| #include <readline.h>
configure:20065: result: no
configure:20065: checking readline.h presence
configure:20065: gcc -E  -I/usr/local/include conftest.c
conftest.c:40:22: fatal error: readline.h: No such file or directory
compilation terminated.
configure:20065: $? = 1
configure: failed program was:
| /* confdefs.h */
| #define PACKAGE_NAME "linphone"
| #define PACKAGE_TARNAME "linphone"
| #define PACKAGE_VERSION "3.8.5"
| #define PACKAGE_STRING "linphone 3.8.5"
| #define PACKAGE_BUGREPORT "linphone-developers@nongnu.org"
| #define PACKAGE_URL ""
| #define PACKAGE "linphone"
| #define VERSION "3.8.5"
| #define STDC_HEADERS 1
| #define HAVE_SYS_TYPES_H 1
| #define HAVE_SYS_STAT_H 1
| #define HAVE_STDLIB_H 1
| #define HAVE_STRING_H 1
| #define HAVE_MEMORY_H 1
| #define HAVE_STRINGS_H 1
| #define HAVE_INTTYPES_H 1
| #define HAVE_STDINT_H 1
| #define HAVE_UNISTD_H 1
| #define HAVE_DLFCN_H 1
| #define LT_OBJDIR ".libs/"
| #define LINPHONE_ALL_LANGS "ar cs de es fr he hu it ja nb_NO nl pl pt_BR ru sr sv tr zh_CN zh_TW"
| #define ENABLE_NLS 1
| #define HAVE_GETTEXT 1
| #define HAVE_DCGETTEXT 1
| #define GETTEXT_PACKAGE "linphone"
| #define HAVE_GET_CURRENT_DIR_NAME 1
| #define HAVE_STRNDUP 1
| #define HAVE_STPCPY 1
| #define BUILD_UPNP 1
| #define HAVE_ZLIB 1
| #define BUILD_TOOLS 1
| #define __ARM__ 1
| #define LINPHONE_CONFIG_DIR "Linphone"
| #define PACKAGE_LOCALE_DIR "/usr/local/share/locale"
| #define PACKAGE_DATA_DIR "/usr/local/share"
| #define PACKAGE_SOUND_DIR "/usr/local/share/sounds/linphone"
| #define HAVE_GETIFADDRS 1
| /* end confdefs.h.  */
| #include <readline.h>
configure:20065: result: no
configure:20065: checking for readline.h
configure:20065: result: no
configure:20065: checking readline/readline.h usability
configure:20065: gcc -c -g -O2  -I/usr/local/include conftest.c >&5
conftest.c:73:31: fatal error: readline/readline.h: No such file or directory
compilation terminated.
configure:20065: $? = 1
configure: failed program was:
| /* confdefs.h */
| #define PACKAGE_NAME "linphone"
| #define PACKAGE_TARNAME "linphone"
| #define PACKAGE_VERSION "3.8.5"
| #define PACKAGE_STRING "linphone 3.8.5"
| #define PACKAGE_BUGREPORT "linphone-developers@nongnu.org"
| #define PACKAGE_URL ""
| #define PACKAGE "linphone"
| #define VERSION "3.8.5"
| #define STDC_HEADERS 1
| #define HAVE_SYS_TYPES_H 1
| #define HAVE_SYS_STAT_H 1
| #define HAVE_STDLIB_H 1
| #define HAVE_STRING_H 1
| #define HAVE_MEMORY_H 1
| #define HAVE_STRINGS_H 1
| #define HAVE_INTTYPES_H 1
| #define HAVE_STDINT_H 1
| #define HAVE_UNISTD_H 1
| #define HAVE_DLFCN_H 1
| #define LT_OBJDIR ".libs/"
| #define LINPHONE_ALL_LANGS "ar cs de es fr he hu it ja nb_NO nl pl pt_BR ru sr sv tr zh_CN zh_TW"
| #define ENABLE_NLS 1
| #define HAVE_GETTEXT 1
| #define HAVE_DCGETTEXT 1
| #define GETTEXT_PACKAGE "linphone"
| #define HAVE_GET_CURRENT_DIR_NAME 1
| #define HAVE_STRNDUP 1
| #define HAVE_STPCPY 1
| #define BUILD_UPNP 1
| #define HAVE_ZLIB 1
| #define BUILD_TOOLS 1
| #define __ARM__ 1
| #define LINPHONE_CONFIG_DIR "Linphone"
| #define PACKAGE_LOCALE_DIR "/usr/local/share/locale"
| #define PACKAGE_DATA_DIR "/usr/local/share"
| #define PACKAGE_SOUND_DIR "/usr/local/share/sounds/linphone"
| #define HAVE_GETIFADDRS 1
| /* end confdefs.h.  */
| #include <stdio.h>
| #ifdef HAVE_SYS_TYPES_H
| # include <sys/types.h>
| #endif
| #ifdef HAVE_SYS_STAT_H
| # include <sys/stat.h>
| #endif
| #ifdef STDC_HEADERS
| # include <stdlib.h>
| # include <stddef.h>
| #else
| # ifdef HAVE_STDLIB_H
| #  include <stdlib.h>
| # endif
| #endif
| #ifdef HAVE_STRING_H
| # if !defined STDC_HEADERS && defined HAVE_MEMORY_H
| #  include <memory.h>
| # endif
| # include <string.h>
| #endif
| #ifdef HAVE_STRINGS_H
| # include <strings.h>
| #endif
| #ifdef HAVE_INTTYPES_H
| # include <inttypes.h>
| #endif
| #ifdef HAVE_STDINT_H
| # include <stdint.h>
| #endif
| #ifdef HAVE_UNISTD_H
| # include <unistd.h>
| #endif
| #include <readline/readline.h>
configure:20065: result: no
configure:20065: checking readline/readline.h presence
configure:20065: gcc -E  -I/usr/local/include conftest.c
conftest.c:40:31: fatal error: readline/readline.h: No such file or directory
compilation terminated.
configure:20065: $? = 1
configure: failed program was:
| /* confdefs.h */
| #define PACKAGE_NAME "linphone"
| #define PACKAGE_TARNAME "linphone"
| #define PACKAGE_VERSION "3.8.5"
| #define PACKAGE_STRING "linphone 3.8.5"
| #define PACKAGE_BUGREPORT "linphone-developers@nongnu.org"
| #define PACKAGE_URL ""
| #define PACKAGE "linphone"
| #define VERSION "3.8.5"
| #define STDC_HEADERS 1
| #define HAVE_SYS_TYPES_H 1
| #define HAVE_SYS_STAT_H 1
| #define HAVE_STDLIB_H 1
| #define HAVE_STRING_H 1
| #define HAVE_MEMORY_H 1
| #define HAVE_STRINGS_H 1
| #define HAVE_INTTYPES_H 1
| #define HAVE_STDINT_H 1
| #define HAVE_UNISTD_H 1
| #define HAVE_DLFCN_H 1
| #define LT_OBJDIR ".libs/"
| #define LINPHONE_ALL_LANGS "ar cs de es fr he hu it ja nb_NO nl pl pt_BR ru sr sv tr zh_CN zh_TW"
| #define ENABLE_NLS 1
| #define HAVE_GETTEXT 1
| #define HAVE_DCGETTEXT 1
| #define GETTEXT_PACKAGE "linphone"
| #define HAVE_GET_CURRENT_DIR_NAME 1
| #define HAVE_STRNDUP 1
| #define HAVE_STPCPY 1
| #define BUILD_UPNP 1
| #define HAVE_ZLIB 1
| #define BUILD_TOOLS 1
| #define __ARM__ 1
| #define LINPHONE_CONFIG_DIR "Linphone"
| #define PACKAGE_LOCALE_DIR "/usr/local/share/locale"
| #define PACKAGE_DATA_DIR "/usr/local/share"
| #define PACKAGE_SOUND_DIR "/usr/local/share/sounds/linphone"
| #define HAVE_GETIFADDRS 1
| /* end confdefs.h.  */
| #include <readline/readline.h>
configure:20065: result: no
configure:20065: checking for readline/readline.h
configure:20065: result: no
configure:20078: checking history.h usability
configure:20078: gcc -c -g -O2  -I/usr/local/include conftest.c >&5
conftest.c:73:21: fatal error: history.h: No such file or directory
compilation terminated.
configure:20078: $? = 1
configure: failed program was:
| /* confdefs.h */
| #define PACKAGE_NAME "linphone"
| #define PACKAGE_TARNAME "linphone"
| #define PACKAGE_VERSION "3.8.5"
| #define PACKAGE_STRING "linphone 3.8.5"
| #define PACKAGE_BUGREPORT "linphone-developers@nongnu.org"
| #define PACKAGE_URL ""
| #define PACKAGE "linphone"
| #define VERSION "3.8.5"
| #define STDC_HEADERS 1
| #define HAVE_SYS_TYPES_H 1
| #define HAVE_SYS_STAT_H 1
| #define HAVE_STDLIB_H 1
| #define HAVE_STRING_H 1
| #define HAVE_MEMORY_H 1
| #define HAVE_STRINGS_H 1
| #define HAVE_INTTYPES_H 1
| #define HAVE_STDINT_H 1
| #define HAVE_UNISTD_H 1
| #define HAVE_DLFCN_H 1
| #define LT_OBJDIR ".libs/"
| #define LINPHONE_ALL_LANGS "ar cs de es fr he hu it ja nb_NO nl pl pt_BR ru sr sv tr zh_CN zh_TW"
| #define ENABLE_NLS 1
| #define HAVE_GETTEXT 1
| #define HAVE_DCGETTEXT 1
| #define GETTEXT_PACKAGE "linphone"
| #define HAVE_GET_CURRENT_DIR_NAME 1
| #define HAVE_STRNDUP 1
| #define HAVE_STPCPY 1
| #define BUILD_UPNP 1
| #define HAVE_ZLIB 1
| #define BUILD_TOOLS 1
| #define __ARM__ 1
| #define LINPHONE_CONFIG_DIR "Linphone"
| #define PACKAGE_LOCALE_DIR "/usr/local/share/locale"
| #define PACKAGE_DATA_DIR "/usr/local/share"
| #define PACKAGE_SOUND_DIR "/usr/local/share/sounds/linphone"
| #define HAVE_GETIFADDRS 1
| /* end confdefs.h.  */
| #include <stdio.h>
| #ifdef HAVE_SYS_TYPES_H
| # include <sys/types.h>
| #endif
| #ifdef HAVE_SYS_STAT_H
| # include <sys/stat.h>
| #endif
| #ifdef STDC_HEADERS
| # include <stdlib.h>
| # include <stddef.h>
| #else
| # ifdef HAVE_STDLIB_H
| #  include <stdlib.h>
| # endif
| #endif
| #ifdef HAVE_STRING_H
| # if !defined STDC_HEADERS && defined HAVE_MEMORY_H
| #  include <memory.h>
| # endif
| # include <string.h>
| #endif
| #ifdef HAVE_STRINGS_H
| # include <strings.h>
| #endif
| #ifdef HAVE_INTTYPES_H
| # include <inttypes.h>
| #endif
| #ifdef HAVE_STDINT_H
| # include <stdint.h>
| #endif
| #ifdef HAVE_UNISTD_H
| # include <unistd.h>
| #endif
| #include <history.h>
configure:20078: result: no
configure:20078: checking history.h presence
configure:20078: gcc -E  -I/usr/local/include conftest.c
conftest.c:40:21: fatal error: history.h: No such file or directory
compilation terminated.
configure:20078: $? = 1
configure: failed program was:
| /* confdefs.h */
| #define PACKAGE_NAME "linphone"
| #define PACKAGE_TARNAME "linphone"
| #define PACKAGE_VERSION "3.8.5"
| #define PACKAGE_STRING "linphone 3.8.5"
| #define PACKAGE_BUGREPORT "linphone-developers@nongnu.org"
| #define PACKAGE_URL ""
| #define PACKAGE "linphone"
| #define VERSION "3.8.5"
| #define STDC_HEADERS 1
| #define HAVE_SYS_TYPES_H 1
| #define HAVE_SYS_STAT_H 1
| #define HAVE_STDLIB_H 1
| #define HAVE_STRING_H 1
| #define HAVE_MEMORY_H 1
| #define HAVE_STRINGS_H 1
| #define HAVE_INTTYPES_H 1
| #define HAVE_STDINT_H 1
| #define HAVE_UNISTD_H 1
| #define HAVE_DLFCN_H 1
| #define LT_OBJDIR ".libs/"
| #define LINPHONE_ALL_LANGS "ar cs de es fr he hu it ja nb_NO nl pl pt_BR ru sr sv tr zh_CN zh_TW"
| #define ENABLE_NLS 1
| #define HAVE_GETTEXT 1
| #define HAVE_DCGETTEXT 1
| #define GETTEXT_PACKAGE "linphone"
| #define HAVE_GET_CURRENT_DIR_NAME 1
| #define HAVE_STRNDUP 1
| #define HAVE_STPCPY 1
| #define BUILD_UPNP 1
| #define HAVE_ZLIB 1
| #define BUILD_TOOLS 1
| #define __ARM__ 1
| #define LINPHONE_CONFIG_DIR "Linphone"
| #define PACKAGE_LOCALE_DIR "/usr/local/share/locale"
| #define PACKAGE_DATA_DIR "/usr/local/share"
| #define PACKAGE_SOUND_DIR "/usr/local/share/sounds/linphone"
| #define HAVE_GETIFADDRS 1
| /* end confdefs.h.  */
| #include <history.h>
configure:20078: result: no
configure:20078: checking for history.h
configure:20078: result: no
configure:20078: checking readline/history.h usability
configure:20078: gcc -c -g -O2  -I/usr/local/include conftest.c >&5
conftest.c:73:30: fatal error: readline/history.h: No such file or directory
compilation terminated.
configure:20078: $? = 1
configure: failed program was:
| /* confdefs.h */
| #define PACKAGE_NAME "linphone"
| #define PACKAGE_TARNAME "linphone"
| #define PACKAGE_VERSION "3.8.5"
| #define PACKAGE_STRING "linphone 3.8.5"
| #define PACKAGE_BUGREPORT "linphone-developers@nongnu.org"
| #define PACKAGE_URL ""
| #define PACKAGE "linphone"
| #define VERSION "3.8.5"
| #define STDC_HEADERS 1
| #define HAVE_SYS_TYPES_H 1
| #define HAVE_SYS_STAT_H 1
| #define HAVE_STDLIB_H 1
| #define HAVE_STRING_H 1
| #define HAVE_MEMORY_H 1
| #define HAVE_STRINGS_H 1
| #define HAVE_INTTYPES_H 1
| #define HAVE_STDINT_H 1
| #define HAVE_UNISTD_H 1
| #define HAVE_DLFCN_H 1
| #define LT_OBJDIR ".libs/"
| #define LINPHONE_ALL_LANGS "ar cs de es fr he hu it ja nb_NO nl pl pt_BR ru sr sv tr zh_CN zh_TW"
| #define ENABLE_NLS 1
| #define HAVE_GETTEXT 1
| #define HAVE_DCGETTEXT 1
| #define GETTEXT_PACKAGE "linphone"
| #define HAVE_GET_CURRENT_DIR_NAME 1
| #define HAVE_STRNDUP 1
| #define HAVE_STPCPY 1
| #define BUILD_UPNP 1
| #define HAVE_ZLIB 1
| #define BUILD_TOOLS 1
| #define __ARM__ 1
| #define LINPHONE_CONFIG_DIR "Linphone"
| #define PACKAGE_LOCALE_DIR "/usr/local/share/locale"
| #define PACKAGE_DATA_DIR "/usr/local/share"
| #define PACKAGE_SOUND_DIR "/usr/local/share/sounds/linphone"
| #define HAVE_GETIFADDRS 1
| /* end confdefs.h.  */
| #include <stdio.h>
| #ifdef HAVE_SYS_TYPES_H
| # include <sys/types.h>
| #endif
| #ifdef HAVE_SYS_STAT_H
| # include <sys/stat.h>
| #endif
| #ifdef STDC_HEADERS
| # include <stdlib.h>
| # include <stddef.h>
| #else
| # ifdef HAVE_STDLIB_H
| #  include <stdlib.h>
| # endif
| #endif
| #ifdef HAVE_STRING_H
| # if !defined STDC_HEADERS && defined HAVE_MEMORY_H
| #  include <memory.h>
| # endif
| # include <string.h>
| #endif
| #ifdef HAVE_STRINGS_H
| # include <strings.h>
| #endif
| #ifdef HAVE_INTTYPES_H
| # include <inttypes.h>
| #endif
| #ifdef HAVE_STDINT_H
| # include <stdint.h>
| #endif
| #ifdef HAVE_UNISTD_H
| # include <unistd.h>
| #endif
| #include <readline/history.h>
configure:20078: result: no
configure:20078: checking readline/history.h presence
configure:20078: gcc -E  -I/usr/local/include conftest.c
conftest.c:40:30: fatal error: readline/history.h: No such file or directory
compilation terminated.
configure:20078: $? = 1
configure: failed program was:
| /* confdefs.h */
| #define PACKAGE_NAME "linphone"
| #define PACKAGE_TARNAME "linphone"
| #define PACKAGE_VERSION "3.8.5"
| #define PACKAGE_STRING "linphone 3.8.5"
| #define PACKAGE_BUGREPORT "linphone-developers@nongnu.org"
| #define PACKAGE_URL ""
| #define PACKAGE "linphone"
| #define VERSION "3.8.5"
| #define STDC_HEADERS 1
| #define HAVE_SYS_TYPES_H 1
| #define HAVE_SYS_STAT_H 1
| #define HAVE_STDLIB_H 1
| #define HAVE_STRING_H 1
| #define HAVE_MEMORY_H 1
| #define HAVE_STRINGS_H 1
| #define HAVE_INTTYPES_H 1
| #define HAVE_STDINT_H 1
| #define HAVE_UNISTD_H 1
| #define HAVE_DLFCN_H 1
| #define LT_OBJDIR ".libs/"
| #define LINPHONE_ALL_LANGS "ar cs de es fr he hu it ja nb_NO nl pl pt_BR ru sr sv tr zh_CN zh_TW"
| #define ENABLE_NLS 1
| #define HAVE_GETTEXT 1
| #define HAVE_DCGETTEXT 1
| #define GETTEXT_PACKAGE "linphone"
| #define HAVE_GET_CURRENT_DIR_NAME 1
| #define HAVE_STRNDUP 1
| #define HAVE_STPCPY 1
| #define BUILD_UPNP 1
| #define HAVE_ZLIB 1
| #define BUILD_TOOLS 1
| #define __ARM__ 1
| #define LINPHONE_CONFIG_DIR "Linphone"
| #define PACKAGE_LOCALE_DIR "/usr/local/share/locale"
| #define PACKAGE_DATA_DIR "/usr/local/share"
| #define PACKAGE_SOUND_DIR "/usr/local/share/sounds/linphone"
| #define HAVE_GETIFADDRS 1
| /* end confdefs.h.  */
| #include <readline/history.h>
configure:20078: result: no
configure:20078: checking for readline/history.h
configure:20078: result: no
configure:20091: checking for readline in -lreadline
configure:20116: gcc -o conftest -g -O2  -I/usr/local/include  conftest.c -lreadline    -L/usr/local/lib >&5
/usr/bin/ld: cannot find -lreadline
collect2: ld returned 1 exit status
configure:20116: $? = 1
configure: failed program was:
| /* confdefs.h */
| #define PACKAGE_NAME "linphone"
| #define PACKAGE_TARNAME "linphone"
| #define PACKAGE_VERSION "3.8.5"
| #define PACKAGE_STRING "linphone 3.8.5"
| #define PACKAGE_BUGREPORT "linphone-developers@nongnu.org"
| #define PACKAGE_URL ""
| #define PACKAGE "linphone"
| #define VERSION "3.8.5"
| #define STDC_HEADERS 1
| #define HAVE_SYS_TYPES_H 1
| #define HAVE_SYS_STAT_H 1
| #define HAVE_STDLIB_H 1
| #define HAVE_STRING_H 1
| #define HAVE_MEMORY_H 1
| #define HAVE_STRINGS_H 1
| #define HAVE_INTTYPES_H 1
| #define HAVE_STDINT_H 1
| #define HAVE_UNISTD_H 1
| #define HAVE_DLFCN_H 1
| #define LT_OBJDIR ".libs/"
| #define LINPHONE_ALL_LANGS "ar cs de es fr he hu it ja nb_NO nl pl pt_BR ru sr sv tr zh_CN zh_TW"
| #define ENABLE_NLS 1
| #define HAVE_GETTEXT 1
| #define HAVE_DCGETTEXT 1
| #define GETTEXT_PACKAGE "linphone"
| #define HAVE_GET_CURRENT_DIR_NAME 1
| #define HAVE_STRNDUP 1
| #define HAVE_STPCPY 1
| #define BUILD_UPNP 1
| #define HAVE_ZLIB 1
| #define BUILD_TOOLS 1
| #define __ARM__ 1
| #define LINPHONE_CONFIG_DIR "Linphone"
| #define PACKAGE_LOCALE_DIR "/usr/local/share/locale"
| #define PACKAGE_DATA_DIR "/usr/local/share"
| #define PACKAGE_SOUND_DIR "/usr/local/share/sounds/linphone"
| #define HAVE_GETIFADDRS 1
| /* end confdefs.h.  */
| 
| /* Override any GCC internal prototype to avoid an error.
|    Use char because int might match the return type of a GCC
|    builtin and then its argument prototype would still apply.  */
| #ifdef __cplusplus
| extern "C"
| #endif
| char readline ();
| int
| main ()
| {
| return readline ();
|   ;
|   return 0;
| }
configure:20125: result: no
configure:20091: checking for readline in -lreadline
configure:20116: gcc -o conftest -g -O2  -I/usr/local/include  conftest.c -lreadline -ltermcap   -L/usr/local/lib >&5
/usr/bin/ld: cannot find -lreadline
/usr/bin/ld: cannot find -ltermcap
collect2: ld returned 1 exit status
configure:20116: $? = 1
configure: failed program was:
| /* confdefs.h */
| #define PACKAGE_NAME "linphone"
| #define PACKAGE_TARNAME "linphone"
| #define PACKAGE_VERSION "3.8.5"
| #define PACKAGE_STRING "linphone 3.8.5"
| #define PACKAGE_BUGREPORT "linphone-developers@nongnu.org"
| #define PACKAGE_URL ""
| #define PACKAGE "linphone"
| #define VERSION "3.8.5"
| #define STDC_HEADERS 1
| #define HAVE_SYS_TYPES_H 1
| #define HAVE_SYS_STAT_H 1
| #define HAVE_STDLIB_H 1
| #define HAVE_STRING_H 1
| #define HAVE_MEMORY_H 1
| #define HAVE_STRINGS_H 1
| #define HAVE_INTTYPES_H 1
| #define HAVE_STDINT_H 1
| #define HAVE_UNISTD_H 1
| #define HAVE_DLFCN_H 1
| #define LT_OBJDIR ".libs/"
| #define LINPHONE_ALL_LANGS "ar cs de es fr he hu it ja nb_NO nl pl pt_BR ru sr sv tr zh_CN zh_TW"
| #define ENABLE_NLS 1
| #define HAVE_GETTEXT 1
| #define HAVE_DCGETTEXT 1
| #define GETTEXT_PACKAGE "linphone"
| #define HAVE_GET_CURRENT_DIR_NAME 1
| #define HAVE_STRNDUP 1
| #define HAVE_STPCPY 1
| #define BUILD_UPNP 1
| #define HAVE_ZLIB 1
| #define BUILD_TOOLS 1
| #define __ARM__ 1
| #define LINPHONE_CONFIG_DIR "Linphone"
| #define PACKAGE_LOCALE_DIR "/usr/local/share/locale"
| #define PACKAGE_DATA_DIR "/usr/local/share"
| #define PACKAGE_SOUND_DIR "/usr/local/share/sounds/linphone"
| #define HAVE_GETIFADDRS 1
| /* end confdefs.h.  */
| 
| /* Override any GCC internal prototype to avoid an error.
|    Use char because int might match the return type of a GCC
|    builtin and then its argument prototype would still apply.  */
| #ifdef __cplusplus
| extern "C"
| #endif
| char readline ();
| int
| main ()
| {
| return readline ();
|   ;
|   return 0;
| }
configure:20125: result: no
configure:20091: checking for readline in -lreadline
configure:20116: gcc -o conftest -g -O2  -I/usr/local/include  conftest.c -lreadline -lcurses   -L/usr/local/lib >&5
/usr/bin/ld: cannot find -lreadline
/usr/bin/ld: cannot find -lcurses
collect2: ld returned 1 exit status
configure:20116: $? = 1
configure: failed program was:
| /* confdefs.h */
| #define PACKAGE_NAME "linphone"
| #define PACKAGE_TARNAME "linphone"
| #define PACKAGE_VERSION "3.8.5"
| #define PACKAGE_STRING "linphone 3.8.5"
| #define PACKAGE_BUGREPORT "linphone-developers@nongnu.org"
| #define PACKAGE_URL ""
| #define PACKAGE "linphone"
| #define VERSION "3.8.5"
| #define STDC_HEADERS 1
| #define HAVE_SYS_TYPES_H 1
| #define HAVE_SYS_STAT_H 1
| #define HAVE_STDLIB_H 1
| #define HAVE_STRING_H 1
| #define HAVE_MEMORY_H 1
| #define HAVE_STRINGS_H 1
| #define HAVE_INTTYPES_H 1
| #define HAVE_STDINT_H 1
| #define HAVE_UNISTD_H 1
| #define HAVE_DLFCN_H 1
| #define LT_OBJDIR ".libs/"
| #define LINPHONE_ALL_LANGS "ar cs de es fr he hu it ja nb_NO nl pl pt_BR ru sr sv tr zh_CN zh_TW"
| #define ENABLE_NLS 1
| #define HAVE_GETTEXT 1
| #define HAVE_DCGETTEXT 1
| #define GETTEXT_PACKAGE "linphone"
| #define HAVE_GET_CURRENT_DIR_NAME 1
| #define HAVE_STRNDUP 1
| #define HAVE_STPCPY 1
| #define BUILD_UPNP 1
| #define HAVE_ZLIB 1
| #define BUILD_TOOLS 1
| #define __ARM__ 1
| #define LINPHONE_CONFIG_DIR "Linphone"
| #define PACKAGE_LOCALE_DIR "/usr/local/share/locale"
| #define PACKAGE_DATA_DIR "/usr/local/share"
| #define PACKAGE_SOUND_DIR "/usr/local/share/sounds/linphone"
| #define HAVE_GETIFADDRS 1
| /* end confdefs.h.  */
| 
| /* Override any GCC internal prototype to avoid an error.
|    Use char because int might match the return type of a GCC
|    builtin and then its argument prototype would still apply.  */
| #ifdef __cplusplus
| extern "C"
| #endif
| char readline ();
| int
| main ()
| {
| return readline ();
|   ;
|   return 0;
| }
configure:20125: result: no
configure:20091: checking for readline in -lreadline
configure:20116: gcc -o conftest -g -O2  -I/usr/local/include  conftest.c -lreadline -lncurses   -L/usr/local/lib >&5
/usr/bin/ld: cannot find -lreadline
/usr/bin/ld: cannot find -lncurses
collect2: ld returned 1 exit status
configure:20116: $? = 1
configure: failed program was:
| /* confdefs.h */
| #define PACKAGE_NAME "linphone"
| #define PACKAGE_TARNAME "linphone"
| #define PACKAGE_VERSION "3.8.5"
| #define PACKAGE_STRING "linphone 3.8.5"
| #define PACKAGE_BUGREPORT "linphone-developers@nongnu.org"
| #define PACKAGE_URL ""
| #define PACKAGE "linphone"
| #define VERSION "3.8.5"
| #define STDC_HEADERS 1
| #define HAVE_SYS_TYPES_H 1
| #define HAVE_SYS_STAT_H 1
| #define HAVE_STDLIB_H 1
| #define HAVE_STRING_H 1
| #define HAVE_MEMORY_H 1
| #define HAVE_STRINGS_H 1
| #define HAVE_INTTYPES_H 1
| #define HAVE_STDINT_H 1
| #define HAVE_UNISTD_H 1
| #define HAVE_DLFCN_H 1
| #define LT_OBJDIR ".libs/"
| #define LINPHONE_ALL_LANGS "ar cs de es fr he hu it ja nb_NO nl pl pt_BR ru sr sv tr zh_CN zh_TW"
| #define ENABLE_NLS 1
| #define HAVE_GETTEXT 1
| #define HAVE_DCGETTEXT 1
| #define GETTEXT_PACKAGE "linphone"
| #define HAVE_GET_CURRENT_DIR_NAME 1
| #define HAVE_STRNDUP 1
| #define HAVE_STPCPY 1
| #define BUILD_UPNP 1
| #define HAVE_ZLIB 1
| #define BUILD_TOOLS 1
| #define __ARM__ 1
| #define LINPHONE_CONFIG_DIR "Linphone"
| #define PACKAGE_LOCALE_DIR "/usr/local/share/locale"
| #define PACKAGE_DATA_DIR "/usr/local/share"
| #define PACKAGE_SOUND_DIR "/usr/local/share/sounds/linphone"
| #define HAVE_GETIFADDRS 1
| /* end confdefs.h.  */
| 
| /* Override any GCC internal prototype to avoid an error.
|    Use char because int might match the return type of a GCC
|    builtin and then its argument prototype would still apply.  */
| #ifdef __cplusplus
| extern "C"
| #endif
| char readline ();
| int
| main ()
| {
| return readline ();
|   ;
|   return 0;
| }
configure:20125: result: no
configure:20141: WARNING: Could not find libreadline headers or library, linphonec will have limited prompt features
configure:20163: checking whether byte ordering is bigendian
configure:20178: gcc -c -g -O2  conftest.c >&5
conftest.c:41:9: error: unknown type name 'not'
conftest.c:41:15: error: expected '=', ',', ';', 'asm' or '__attribute__' before 'universal'
conftest.c:41:15: error: unknown type name 'universal'
configure:20178: $? = 1
configure: failed program was:
| /* confdefs.h */
| #define PACKAGE_NAME "linphone"
| #define PACKAGE_TARNAME "linphone"
| #define PACKAGE_VERSION "3.8.5"
| #define PACKAGE_STRING "linphone 3.8.5"
| #define PACKAGE_BUGREPORT "linphone-developers@nongnu.org"
| #define PACKAGE_URL ""
| #define PACKAGE "linphone"
| #define VERSION "3.8.5"
| #define STDC_HEADERS 1
| #define HAVE_SYS_TYPES_H 1
| #define HAVE_SYS_STAT_H 1
| #define HAVE_STDLIB_H 1
| #define HAVE_STRING_H 1
| #define HAVE_MEMORY_H 1
| #define HAVE_STRINGS_H 1
| #define HAVE_INTTYPES_H 1
| #define HAVE_STDINT_H 1
| #define HAVE_UNISTD_H 1
| #define HAVE_DLFCN_H 1
| #define LT_OBJDIR ".libs/"
| #define LINPHONE_ALL_LANGS "ar cs de es fr he hu it ja nb_NO nl pl pt_BR ru sr sv tr zh_CN zh_TW"
| #define ENABLE_NLS 1
| #define HAVE_GETTEXT 1
| #define HAVE_DCGETTEXT 1
| #define GETTEXT_PACKAGE "linphone"
| #define HAVE_GET_CURRENT_DIR_NAME 1
| #define HAVE_STRNDUP 1
| #define HAVE_STPCPY 1
| #define BUILD_UPNP 1
| #define HAVE_ZLIB 1
| #define BUILD_TOOLS 1
| #define __ARM__ 1
| #define LINPHONE_CONFIG_DIR "Linphone"
| #define PACKAGE_LOCALE_DIR "/usr/local/share/locale"
| #define PACKAGE_DATA_DIR "/usr/local/share"
| #define PACKAGE_SOUND_DIR "/usr/local/share/sounds/linphone"
| #define HAVE_GETIFADDRS 1
| /* end confdefs.h.  */
| #ifndef __APPLE_CC__
| 	       not a universal capable compiler
| 	     #endif
| 	     typedef int dummy;
| 
configure:20223: gcc -c -g -O2  conftest.c >&5
configure:20223: $? = 0
configure:20241: gcc -c -g -O2  conftest.c >&5
conftest.c: In function 'main':
conftest.c:47:4: error: unknown type name 'not'
conftest.c:47:12: error: expected '=', ',', ';', 'asm' or '__attribute__' before 'endian'
configure:20241: $? = 1
configure: failed program was:
| /* confdefs.h */
| #define PACKAGE_NAME "linphone"
| #define PACKAGE_TARNAME "linphone"
| #define PACKAGE_VERSION "3.8.5"
| #define PACKAGE_STRING "linphone 3.8.5"
| #define PACKAGE_BUGREPORT "linphone-developers@nongnu.org"
| #define PACKAGE_URL ""
| #define PACKAGE "linphone"
| #define VERSION "3.8.5"
| #define STDC_HEADERS 1
| #define HAVE_SYS_TYPES_H 1
| #define HAVE_SYS_STAT_H 1
| #define HAVE_STDLIB_H 1
| #define HAVE_STRING_H 1
| #define HAVE_MEMORY_H 1
| #define HAVE_STRINGS_H 1
| #define HAVE_INTTYPES_H 1
| #define HAVE_STDINT_H 1
| #define HAVE_UNISTD_H 1
| #define HAVE_DLFCN_H 1
| #define LT_OBJDIR ".libs/"
| #define LINPHONE_ALL_LANGS "ar cs de es fr he hu it ja nb_NO nl pl pt_BR ru sr sv tr zh_CN zh_TW"
| #define ENABLE_NLS 1
| #define HAVE_GETTEXT 1
| #define HAVE_DCGETTEXT 1
| #define GETTEXT_PACKAGE "linphone"
| #define HAVE_GET_CURRENT_DIR_NAME 1
| #define HAVE_STRNDUP 1
| #define HAVE_STPCPY 1
| #define BUILD_UPNP 1
| #define HAVE_ZLIB 1
| #define BUILD_TOOLS 1
| #define __ARM__ 1
| #define LINPHONE_CONFIG_DIR "Linphone"
| #define PACKAGE_LOCALE_DIR "/usr/local/share/locale"
| #define PACKAGE_DATA_DIR "/usr/local/share"
| #define PACKAGE_SOUND_DIR "/usr/local/share/sounds/linphone"
| #define HAVE_GETIFADDRS 1
| /* end confdefs.h.  */
| #include <sys/types.h>
| 		#include <sys/param.h>
| 
| int
| main ()
| {
| #if BYTE_ORDER != BIG_ENDIAN
| 		 not big endian
| 		#endif
| 
|   ;
|   return 0;
| }
configure:20369: result: no
configure:20399: checking for SPEEX
configure:20406: $PKG_CONFIG --exists --print-errors "speex >= 1.1.6"
configure:20409: $? = 0
configure:20423: $PKG_CONFIG --exists --print-errors "speex >= 1.1.6"
configure:20426: $? = 0
configure:20484: result: yes
configure:20660: checking polarssl/gcm.h usability
configure:20660: gcc -c -g -O2   conftest.c >&5
configure:20660: $? = 0
configure:20660: result: yes
configure:20660: checking polarssl/gcm.h presence
configure:20660: gcc -E   conftest.c
configure:20660: $? = 0
configure:20660: result: yes
configure:20660: checking for polarssl/gcm.h
configure:20660: result: yes
configure:20665: polarssl usable
configure:20741: checking for getenv
configure:20741: gcc -o conftest -g -O2   conftest.c   >&5
configure:20741: $? = 0
configure:20741: result: yes
configure:20749: checking for sighandler_t
configure:20762: gcc -c -g -O2  conftest.c >&5
conftest.c: In function 'main':
conftest.c:46:1: error: unknown type name 'sighandler_t'
configure:20762: $? = 1
configure: failed program was:
| /* confdefs.h */
| #define PACKAGE_NAME "linphone"
| #define PACKAGE_TARNAME "linphone"
| #define PACKAGE_VERSION "3.8.5"
| #define PACKAGE_STRING "linphone 3.8.5"
| #define PACKAGE_BUGREPORT "linphone-developers@nongnu.org"
| #define PACKAGE_URL ""
| #define PACKAGE "linphone"
| #define VERSION "3.8.5"
| #define STDC_HEADERS 1
| #define HAVE_SYS_TYPES_H 1
| #define HAVE_SYS_STAT_H 1
| #define HAVE_STDLIB_H 1
| #define HAVE_STRING_H 1
| #define HAVE_MEMORY_H 1
| #define HAVE_STRINGS_H 1
| #define HAVE_INTTYPES_H 1
| #define HAVE_STDINT_H 1
| #define HAVE_UNISTD_H 1
| #define HAVE_DLFCN_H 1
| #define LT_OBJDIR ".libs/"
| #define LINPHONE_ALL_LANGS "ar cs de es fr he hu it ja nb_NO nl pl pt_BR ru sr sv tr zh_CN zh_TW"
| #define ENABLE_NLS 1
| #define HAVE_GETTEXT 1
| #define HAVE_DCGETTEXT 1
| #define GETTEXT_PACKAGE "linphone"
| #define HAVE_GET_CURRENT_DIR_NAME 1
| #define HAVE_STRNDUP 1
| #define HAVE_STPCPY 1
| #define BUILD_UPNP 1
| #define HAVE_ZLIB 1
| #define BUILD_TOOLS 1
| #define __ARM__ 1
| #define LINPHONE_CONFIG_DIR "Linphone"
| #define PACKAGE_LOCALE_DIR "/usr/local/share/locale"
| #define PACKAGE_DATA_DIR "/usr/local/share"
| #define PACKAGE_SOUND_DIR "/usr/local/share/sounds/linphone"
| #define HAVE_GETIFADDRS 1
| #define HAVE_POLARSSL_GCM_H 1
| #define HAVE_GETENV 1
| /* end confdefs.h.  */
| #include <signal.h>
| int
| main ()
| {
| sighandler_t *f;
|   ;
|   return 0;
| }
configure:20768: result: no
configure:20792: checking for LIBGTKWIZARD
configure:20799: $PKG_CONFIG --exists --print-errors "gtk+-2.0 >= 2.22.0"
Package gtk+-2.0 was not found in the pkg-config search path.
Perhaps you should add the directory containing `gtk+-2.0.pc'
to the PKG_CONFIG_PATH environment variable
No package 'gtk+-2.0' found
configure:20802: $? = 1
configure:20816: $PKG_CONFIG --exists --print-errors "gtk+-2.0 >= 2.22.0"
Package gtk+-2.0 was not found in the pkg-config search path.
Perhaps you should add the directory containing `gtk+-2.0.pc'
to the PKG_CONFIG_PATH environment variable
No package 'gtk+-2.0' found
configure:20819: $? = 1
configure:20833: result: no
No package 'gtk+-2.0' found
configure:20889: checking libudev.h usability
configure:20889: gcc -c -g -O2  conftest.c >&5
conftest.c:75:21: fatal error: libudev.h: No such file or directory
compilation terminated.
configure:20889: $? = 1
configure: failed program was:
| /* confdefs.h */
| #define PACKAGE_NAME "linphone"
| #define PACKAGE_TARNAME "linphone"
| #define PACKAGE_VERSION "3.8.5"
| #define PACKAGE_STRING "linphone 3.8.5"
| #define PACKAGE_BUGREPORT "linphone-developers@nongnu.org"
| #define PACKAGE_URL ""
| #define PACKAGE "linphone"
| #define VERSION "3.8.5"
| #define STDC_HEADERS 1
| #define HAVE_SYS_TYPES_H 1
| #define HAVE_SYS_STAT_H 1
| #define HAVE_STDLIB_H 1
| #define HAVE_STRING_H 1
| #define HAVE_MEMORY_H 1
| #define HAVE_STRINGS_H 1
| #define HAVE_INTTYPES_H 1
| #define HAVE_STDINT_H 1
| #define HAVE_UNISTD_H 1
| #define HAVE_DLFCN_H 1
| #define LT_OBJDIR ".libs/"
| #define LINPHONE_ALL_LANGS "ar cs de es fr he hu it ja nb_NO nl pl pt_BR ru sr sv tr zh_CN zh_TW"
| #define ENABLE_NLS 1
| #define HAVE_GETTEXT 1
| #define HAVE_DCGETTEXT 1
| #define GETTEXT_PACKAGE "linphone"
| #define HAVE_GET_CURRENT_DIR_NAME 1
| #define HAVE_STRNDUP 1
| #define HAVE_STPCPY 1
| #define BUILD_UPNP 1
| #define HAVE_ZLIB 1
| #define BUILD_TOOLS 1
| #define __ARM__ 1
| #define LINPHONE_CONFIG_DIR "Linphone"
| #define PACKAGE_LOCALE_DIR "/usr/local/share/locale"
| #define PACKAGE_DATA_DIR "/usr/local/share"
| #define PACKAGE_SOUND_DIR "/usr/local/share/sounds/linphone"
| #define HAVE_GETIFADDRS 1
| #define HAVE_POLARSSL_GCM_H 1
| #define HAVE_GETENV 1
| /* end confdefs.h.  */
| #include <stdio.h>
| #ifdef HAVE_SYS_TYPES_H
| # include <sys/types.h>
| #endif
| #ifdef HAVE_SYS_STAT_H
| # include <sys/stat.h>
| #endif
| #ifdef STDC_HEADERS
| # include <stdlib.h>
| # include <stddef.h>
| #else
| # ifdef HAVE_STDLIB_H
| #  include <stdlib.h>
| # endif
| #endif
| #ifdef HAVE_STRING_H
| # if !defined STDC_HEADERS && defined HAVE_MEMORY_H
| #  include <memory.h>
| # endif
| # include <string.h>
| #endif
| #ifdef HAVE_STRINGS_H
| # include <strings.h>
| #endif
| #ifdef HAVE_INTTYPES_H
| # include <inttypes.h>
| #endif
| #ifdef HAVE_STDINT_H
| # include <stdint.h>
| #endif
| #ifdef HAVE_UNISTD_H
| # include <unistd.h>
| #endif
| #include <libudev.h>
configure:20889: result: no
configure:20889: checking libudev.h presence
configure:20889: gcc -E  conftest.c
conftest.c:42:21: fatal error: libudev.h: No such file or directory
compilation terminated.
configure:20889: $? = 1
configure: failed program was:
| /* confdefs.h */
| #define PACKAGE_NAME "linphone"
| #define PACKAGE_TARNAME "linphone"
| #define PACKAGE_VERSION "3.8.5"
| #define PACKAGE_STRING "linphone 3.8.5"
| #define PACKAGE_BUGREPORT "linphone-developers@nongnu.org"
| #define PACKAGE_URL ""
| #define PACKAGE "linphone"
| #define VERSION "3.8.5"
| #define STDC_HEADERS 1
| #define HAVE_SYS_TYPES_H 1
| #define HAVE_SYS_STAT_H 1
| #define HAVE_STDLIB_H 1
| #define HAVE_STRING_H 1
| #define HAVE_MEMORY_H 1
| #define HAVE_STRINGS_H 1
| #define HAVE_INTTYPES_H 1
| #define HAVE_STDINT_H 1
| #define HAVE_UNISTD_H 1
| #define HAVE_DLFCN_H 1
| #define LT_OBJDIR ".libs/"
| #define LINPHONE_ALL_LANGS "ar cs de es fr he hu it ja nb_NO nl pl pt_BR ru sr sv tr zh_CN zh_TW"
| #define ENABLE_NLS 1
| #define HAVE_GETTEXT 1
| #define HAVE_DCGETTEXT 1
| #define GETTEXT_PACKAGE "linphone"
| #define HAVE_GET_CURRENT_DIR_NAME 1
| #define HAVE_STRNDUP 1
| #define HAVE_STPCPY 1
| #define BUILD_UPNP 1
| #define HAVE_ZLIB 1
| #define BUILD_TOOLS 1
| #define __ARM__ 1
| #define LINPHONE_CONFIG_DIR "Linphone"
| #define PACKAGE_LOCALE_DIR "/usr/local/share/locale"
| #define PACKAGE_DATA_DIR "/usr/local/share"
| #define PACKAGE_SOUND_DIR "/usr/local/share/sounds/linphone"
| #define HAVE_GETIFADDRS 1
| #define HAVE_POLARSSL_GCM_H 1
| #define HAVE_GETENV 1
| /* end confdefs.h.  */
| #include <libudev.h>
configure:20889: result: no
configure:20889: checking for libudev.h
configure:20889: result: no
configure:20899: checking for udev_new in -ludev
configure:20924: gcc -o conftest -g -O2   conftest.c -ludev    >&5
/usr/bin/ld: cannot find -ludev
collect2: ld returned 1 exit status
configure:20924: $? = 1
configure: failed program was:
| /* confdefs.h */
| #define PACKAGE_NAME "linphone"
| #define PACKAGE_TARNAME "linphone"
| #define PACKAGE_VERSION "3.8.5"
| #define PACKAGE_STRING "linphone 3.8.5"
| #define PACKAGE_BUGREPORT "linphone-developers@nongnu.org"
| #define PACKAGE_URL ""
| #define PACKAGE "linphone"
| #define VERSION "3.8.5"
| #define STDC_HEADERS 1
| #define HAVE_SYS_TYPES_H 1
| #define HAVE_SYS_STAT_H 1
| #define HAVE_STDLIB_H 1
| #define HAVE_STRING_H 1
| #define HAVE_MEMORY_H 1
| #define HAVE_STRINGS_H 1
| #define HAVE_INTTYPES_H 1
| #define HAVE_STDINT_H 1
| #define HAVE_UNISTD_H 1
| #define HAVE_DLFCN_H 1
| #define LT_OBJDIR ".libs/"
| #define LINPHONE_ALL_LANGS "ar cs de es fr he hu it ja nb_NO nl pl pt_BR ru sr sv tr zh_CN zh_TW"
| #define ENABLE_NLS 1
| #define HAVE_GETTEXT 1
| #define HAVE_DCGETTEXT 1
| #define GETTEXT_PACKAGE "linphone"
| #define HAVE_GET_CURRENT_DIR_NAME 1
| #define HAVE_STRNDUP 1
| #define HAVE_STPCPY 1
| #define BUILD_UPNP 1
| #define HAVE_ZLIB 1
| #define BUILD_TOOLS 1
| #define __ARM__ 1
| #define LINPHONE_CONFIG_DIR "Linphone"
| #define PACKAGE_LOCALE_DIR "/usr/local/share/locale"
| #define PACKAGE_DATA_DIR "/usr/local/share"
| #define PACKAGE_SOUND_DIR "/usr/local/share/sounds/linphone"
| #define HAVE_GETIFADDRS 1
| #define HAVE_POLARSSL_GCM_H 1
| #define HAVE_GETENV 1
| /* end confdefs.h.  */
| 
| /* Override any GCC internal prototype to avoid an error.
|    Use char because int might match the return type of a GCC
|    builtin and then its argument prototype would still apply.  */
| #ifdef __cplusplus
| extern "C"
| #endif
| char udev_new ();
| int
| main ()
| {
| return udev_new ();
|   ;
|   return 0;
| }
configure:20933: result: no
configure:21379: checking for SQLITE3
configure:21386: $PKG_CONFIG --exists --print-errors "sqlite3 >= 3.6.0"
configure:21389: $? = 0
configure:21403: $PKG_CONFIG --exists --print-errors "sqlite3 >= 3.6.0"
configure:21406: $? = 0
configure:21444: result: yes
configure:21520: checking for BELLESIP
configure:21527: $PKG_CONFIG --exists --print-errors "belle-sip >= 1.4.0"
configure:21530: $? = 0
configure:21544: $PKG_CONFIG --exists --print-errors "belle-sip >= 1.4.0"
configure:21547: $? = 0
configure:21605: result: yes
configure:21619: checking for sgmltools
configure:21647: result: no
configure:21730: checking for CUNIT
configure:21737: $PKG_CONFIG --exists --print-errors "cunit"
Package cunit was not found in the pkg-config search path.
Perhaps you should add the directory containing `cunit.pc'
to the PKG_CONFIG_PATH environment variable
No package 'cunit' found
configure:21740: $? = 1
configure:21754: $PKG_CONFIG --exists --print-errors "cunit"
Package cunit was not found in the pkg-config search path.
Perhaps you should add the directory containing `cunit.pc'
to the PKG_CONFIG_PATH environment variable
No package 'cunit' found
configure:21757: $? = 1
configure:21771: result: no
No package 'cunit' found
configure:21803: checking CUnit/CUnit.h usability
configure:21803: gcc -c -g -O2 -fno-strict-aliasing  conftest.c >&5
conftest.c:77:25: fatal error: CUnit/CUnit.h: No such file or directory
compilation terminated.
configure:21803: $? = 1
configure: failed program was:
| /* confdefs.h */
| #define PACKAGE_NAME "linphone"
| #define PACKAGE_TARNAME "linphone"
| #define PACKAGE_VERSION "3.8.5"
| #define PACKAGE_STRING "linphone 3.8.5"
| #define PACKAGE_BUGREPORT "linphone-developers@nongnu.org"
| #define PACKAGE_URL ""
| #define PACKAGE "linphone"
| #define VERSION "3.8.5"
| #define STDC_HEADERS 1
| #define HAVE_SYS_TYPES_H 1
| #define HAVE_SYS_STAT_H 1
| #define HAVE_STDLIB_H 1
| #define HAVE_STRING_H 1
| #define HAVE_MEMORY_H 1
| #define HAVE_STRINGS_H 1
| #define HAVE_INTTYPES_H 1
| #define HAVE_STDINT_H 1
| #define HAVE_UNISTD_H 1
| #define HAVE_DLFCN_H 1
| #define LT_OBJDIR ".libs/"
| #define LINPHONE_ALL_LANGS "ar cs de es fr he hu it ja nb_NO nl pl pt_BR ru sr sv tr zh_CN zh_TW"
| #define ENABLE_NLS 1
| #define HAVE_GETTEXT 1
| #define HAVE_DCGETTEXT 1
| #define GETTEXT_PACKAGE "linphone"
| #define HAVE_GET_CURRENT_DIR_NAME 1
| #define HAVE_STRNDUP 1
| #define HAVE_STPCPY 1
| #define BUILD_UPNP 1
| #define HAVE_ZLIB 1
| #define BUILD_TOOLS 1
| #define __ARM__ 1
| #define LINPHONE_CONFIG_DIR "Linphone"
| #define PACKAGE_LOCALE_DIR "/usr/local/share/locale"
| #define PACKAGE_DATA_DIR "/usr/local/share"
| #define PACKAGE_SOUND_DIR "/usr/local/share/sounds/linphone"
| #define HAVE_GETIFADDRS 1
| #define HAVE_POLARSSL_GCM_H 1
| #define HAVE_GETENV 1
| #define LINPHONE_VERSION "3.8.5"
| #define LINPHONE_PLUGINS_DIR "/usr/local/lib/liblinphone/plugins"
| /* end confdefs.h.  */
| #include <stdio.h>
| #ifdef HAVE_SYS_TYPES_H
| # include <sys/types.h>
| #endif
| #ifdef HAVE_SYS_STAT_H
| # include <sys/stat.h>
| #endif
| #ifdef STDC_HEADERS
| # include <stdlib.h>
| # include <stddef.h>
| #else
| # ifdef HAVE_STDLIB_H
| #  include <stdlib.h>
| # endif
| #endif
| #ifdef HAVE_STRING_H
| # if !defined STDC_HEADERS && defined HAVE_MEMORY_H
| #  include <memory.h>
| # endif
| # include <string.h>
| #endif
| #ifdef HAVE_STRINGS_H
| # include <strings.h>
| #endif
| #ifdef HAVE_INTTYPES_H
| # include <inttypes.h>
| #endif
| #ifdef HAVE_STDINT_H
| # include <stdint.h>
| #endif
| #ifdef HAVE_UNISTD_H
| # include <unistd.h>
| #endif
| #include <CUnit/CUnit.h>
configure:21803: result: no
configure:21803: checking CUnit/CUnit.h presence
configure:21803: gcc -E  conftest.c
conftest.c:44:25: fatal error: CUnit/CUnit.h: No such file or directory
compilation terminated.
configure:21803: $? = 1
configure: failed program was:
| /* confdefs.h */
| #define PACKAGE_NAME "linphone"
| #define PACKAGE_TARNAME "linphone"
| #define PACKAGE_VERSION "3.8.5"
| #define PACKAGE_STRING "linphone 3.8.5"
| #define PACKAGE_BUGREPORT "linphone-developers@nongnu.org"
| #define PACKAGE_URL ""
| #define PACKAGE "linphone"
| #define VERSION "3.8.5"
| #define STDC_HEADERS 1
| #define HAVE_SYS_TYPES_H 1
| #define HAVE_SYS_STAT_H 1
| #define HAVE_STDLIB_H 1
| #define HAVE_STRING_H 1
| #define HAVE_MEMORY_H 1
| #define HAVE_STRINGS_H 1
| #define HAVE_INTTYPES_H 1
| #define HAVE_STDINT_H 1
| #define HAVE_UNISTD_H 1
| #define HAVE_DLFCN_H 1
| #define LT_OBJDIR ".libs/"
| #define LINPHONE_ALL_LANGS "ar cs de es fr he hu it ja nb_NO nl pl pt_BR ru sr sv tr zh_CN zh_TW"
| #define ENABLE_NLS 1
| #define HAVE_GETTEXT 1
| #define HAVE_DCGETTEXT 1
| #define GETTEXT_PACKAGE "linphone"
| #define HAVE_GET_CURRENT_DIR_NAME 1
| #define HAVE_STRNDUP 1
| #define HAVE_STPCPY 1
| #define BUILD_UPNP 1
| #define HAVE_ZLIB 1
| #define BUILD_TOOLS 1
| #define __ARM__ 1
| #define LINPHONE_CONFIG_DIR "Linphone"
| #define PACKAGE_LOCALE_DIR "/usr/local/share/locale"
| #define PACKAGE_DATA_DIR "/usr/local/share"
| #define PACKAGE_SOUND_DIR "/usr/local/share/sounds/linphone"
| #define HAVE_GETIFADDRS 1
| #define HAVE_POLARSSL_GCM_H 1
| #define HAVE_GETENV 1
| #define LINPHONE_VERSION "3.8.5"
| #define LINPHONE_PLUGINS_DIR "/usr/local/lib/liblinphone/plugins"
| /* end confdefs.h.  */
| #include <CUnit/CUnit.h>
configure:21803: result: no
configure:21803: checking for CUnit/CUnit.h
configure:21803: result: no
configure:21875: WARNING: Could not find cunit framework, tests are not compiled.
configure:21997: checking for doxygen
configure:22025: result: false
configure:22268: creating ./config.status

## ---------------------- ##
## Running config.status. ##
## ---------------------- ##

This file was extended by linphone config.status 3.8.5, which was
generated by GNU Autoconf 2.69.  Invocation command line was

  CONFIG_FILES    = 
  CONFIG_HEADERS  = 
  CONFIG_LINKS    = 
  CONFIG_COMMANDS = 
  $ ./config.status 

on a20-olimex

config.status:1384: creating Makefile
config.status:1384: creating build/Makefile
config.status:1384: creating build/macos/Makefile
config.status:1384: creating build/macos/Info-linphone.plist
config.status:1384: creating build/macos/pkg-distribution.xml
config.status:1384: creating m4/Makefile
config.status:1384: creating po/Makefile.in
config.status:1384: creating pixmaps/Makefile
config.status:1384: creating include/Makefile
config.status:1384: creating coreapi/Makefile
config.status:1384: creating coreapi/help/Makefile
config.status:1384: creating coreapi/help/Doxyfile
config.status:1384: creating tester/Makefile
config.status:1384: creating gtk/Makefile
config.status:1384: creating console/Makefile
config.status:1384: creating share/Makefile
config.status:1384: creating share/C/Makefile
config.status:1384: creating share/fr/Makefile
config.status:1384: creating share/it/Makefile
config.status:1384: creating share/ja/Makefile
config.status:1384: creating share/cs/Makefile
config.status:1384: creating share/xml/Makefile
config.status:1384: creating share/linphone.pc
config.status:1384: creating share/linphone.desktop
config.status:1384: creating share/audio-assistant.desktop
config.status:1384: creating scripts/Makefile
config.status:1384: creating tools/Makefile
config.status:1384: creating linphone.spec
config.status:1384: creating linphone.iss
config.status:1384: creating config.h
config.status:1565: config.h is unchanged
config.status:1613: executing depfiles commands
config.status:1613: executing libtool commands
config.status:1613: executing libtool-hacking commands
config.status:1613: executing po-directories commands
config.status:1613: executing po/stamp-it commands
configure:25009: === configuring in oRTP (/root/linphone_build/linphone/oRTP)
configure:25072: running /bin/bash ./configure --disable-option-checking '--prefix=/usr/local'  '--disable-x11' '--enable-gtk_ui=no' '--disable-xv' '--enable-sdl' '--disable-video' --cache-file=/dev/null --srcdir=.
configure:25009: === configuring in mediastreamer2 (/root/linphone_build/linphone/mediastreamer2)
configure:25072: running /bin/bash ./configure --disable-option-checking '--prefix=/usr/local'  '--disable-x11' '--enable-gtk_ui=no' '--disable-xv' '--enable-sdl' '--disable-video' --cache-file=/dev/null --srcdir=.

## ---------------- ##
## Cache variables. ##
## ---------------- ##

ac_cv_build=armv7l-unknown-linux-gnueabihf
ac_cv_c_bigendian=no
ac_cv_c_compiler_gnu=yes
ac_cv_c_inline=inline
ac_cv_cxx_compiler_gnu=yes
ac_cv_env_BELLESIP_CFLAGS_set=
ac_cv_env_BELLESIP_CFLAGS_value=
ac_cv_env_BELLESIP_LIBS_set=
ac_cv_env_BELLESIP_LIBS_value=
ac_cv_env_CCC_set=
ac_cv_env_CCC_value=
ac_cv_env_CC_set=
ac_cv_env_CC_value=
ac_cv_env_CFLAGS_set=
ac_cv_env_CFLAGS_value=
ac_cv_env_CPPFLAGS_set=
ac_cv_env_CPPFLAGS_value=
ac_cv_env_CPP_set=
ac_cv_env_CPP_value=
ac_cv_env_CUNIT_CFLAGS_set=
ac_cv_env_CUNIT_CFLAGS_value=
ac_cv_env_CUNIT_LIBS_set=
ac_cv_env_CUNIT_LIBS_value=
ac_cv_env_CXXCPP_set=
ac_cv_env_CXXCPP_value=
ac_cv_env_CXXFLAGS_set=
ac_cv_env_CXXFLAGS_value=
ac_cv_env_CXX_set=
ac_cv_env_CXX_value=
ac_cv_env_LDAP_CFLAGS_set=
ac_cv_env_LDAP_CFLAGS_value=
ac_cv_env_LDAP_LIBS_set=
ac_cv_env_LDAP_LIBS_value=
ac_cv_env_LDFLAGS_set=
ac_cv_env_LDFLAGS_value=
ac_cv_env_LIBGLIB_CFLAGS_set=
ac_cv_env_LIBGLIB_CFLAGS_value=
ac_cv_env_LIBGLIB_LIBS_set=
ac_cv_env_LIBGLIB_LIBS_value=
ac_cv_env_LIBGTKMAC_CFLAGS_set=
ac_cv_env_LIBGTKMAC_CFLAGS_value=
ac_cv_env_LIBGTKMAC_LIBS_set=
ac_cv_env_LIBGTKMAC_LIBS_value=
ac_cv_env_LIBGTKWIZARD_CFLAGS_set=
ac_cv_env_LIBGTKWIZARD_CFLAGS_value=
ac_cv_env_LIBGTKWIZARD_LIBS_set=
ac_cv_env_LIBGTKWIZARD_LIBS_value=
ac_cv_env_LIBGTK_CFLAGS_set=
ac_cv_env_LIBGTK_CFLAGS_value=
ac_cv_env_LIBGTK_LIBS_set=
ac_cv_env_LIBGTK_LIBS_value=
ac_cv_env_LIBS_set=
ac_cv_env_LIBS_value=
ac_cv_env_LIBUPNP_CFLAGS_set=
ac_cv_env_LIBUPNP_CFLAGS_value=
ac_cv_env_LIBUPNP_LIBS_set=
ac_cv_env_LIBUPNP_LIBS_value=
ac_cv_env_LIBXML2_CFLAGS_set=
ac_cv_env_LIBXML2_CFLAGS_value=
ac_cv_env_LIBXML2_LIBS_set=
ac_cv_env_LIBXML2_LIBS_value=
ac_cv_env_MEDIASTREAMER_CFLAGS_set=
ac_cv_env_MEDIASTREAMER_CFLAGS_value=
ac_cv_env_MEDIASTREAMER_LIBS_set=
ac_cv_env_MEDIASTREAMER_LIBS_value=
ac_cv_env_NOTIFY1_CFLAGS_set=
ac_cv_env_NOTIFY1_CFLAGS_value=
ac_cv_env_NOTIFY1_LIBS_set=
ac_cv_env_NOTIFY1_LIBS_value=
ac_cv_env_NOTIFY4_CFLAGS_set=
ac_cv_env_NOTIFY4_CFLAGS_value=
ac_cv_env_NOTIFY4_LIBS_set=
ac_cv_env_NOTIFY4_LIBS_value=
ac_cv_env_ORTP_CFLAGS_set=
ac_cv_env_ORTP_CFLAGS_value=
ac_cv_env_ORTP_LIBS_set=
ac_cv_env_ORTP_LIBS_value=
ac_cv_env_PKG_CONFIG_LIBDIR_set=
ac_cv_env_PKG_CONFIG_LIBDIR_value=
ac_cv_env_PKG_CONFIG_PATH_set=
ac_cv_env_PKG_CONFIG_PATH_value=
ac_cv_env_PKG_CONFIG_set=
ac_cv_env_PKG_CONFIG_value=
ac_cv_env_SASL_CFLAGS_set=
ac_cv_env_SASL_CFLAGS_value=
ac_cv_env_SASL_LIBS_set=
ac_cv_env_SASL_LIBS_value=
ac_cv_env_SPEEX_CFLAGS_set=
ac_cv_env_SPEEX_CFLAGS_value=
ac_cv_env_SPEEX_LIBS_set=
ac_cv_env_SPEEX_LIBS_value=
ac_cv_env_SQLITE3_CFLAGS_set=
ac_cv_env_SQLITE3_CFLAGS_value=
ac_cv_env_SQLITE3_LIBS_set=
ac_cv_env_SQLITE3_LIBS_value=
ac_cv_env_TUNNEL_CFLAGS_set=
ac_cv_env_TUNNEL_CFLAGS_value=
ac_cv_env_TUNNEL_LIBS_set=
ac_cv_env_TUNNEL_LIBS_value=
ac_cv_env_ZLIB_CFLAGS_set=
ac_cv_env_ZLIB_CFLAGS_value=
ac_cv_env_ZLIB_LIBS_set=
ac_cv_env_ZLIB_LIBS_value=
ac_cv_env_build_alias_set=
ac_cv_env_build_alias_value=
ac_cv_env_host_alias_set=
ac_cv_env_host_alias_value=
ac_cv_env_target_alias_set=
ac_cv_env_target_alias_value=
ac_cv_func_get_current_dir_name=yes
ac_cv_func_getenv=yes
ac_cv_func_getifaddrs=yes
ac_cv_func_stpcpy=yes
ac_cv_func_strndup=yes
ac_cv_header_CUnit_CUnit_h=no
ac_cv_header_dlfcn_h=yes
ac_cv_header_history_h=no
ac_cv_header_inttypes_h=yes
ac_cv_header_libudev_h=no
ac_cv_header_memory_h=yes
ac_cv_header_polarssl_gcm_h=yes
ac_cv_header_readline_h=no
ac_cv_header_readline_history_h=no
ac_cv_header_readline_readline_h=no
ac_cv_header_stdc=yes
ac_cv_header_stdint_h=yes
ac_cv_header_stdlib_h=yes
ac_cv_header_string_h=yes
ac_cv_header_strings_h=yes
ac_cv_header_sys_stat_h=yes
ac_cv_header_sys_types_h=yes
ac_cv_header_unistd_h=yes
ac_cv_host=armv7l-unknown-linux-gnueabihf
ac_cv_lib_cposix_strerror=no
ac_cv_lib_readline_readline=no
ac_cv_lib_udev_udev_new=no
ac_cv_objext=o
ac_cv_path_EGREP='/bin/grep -E'
ac_cv_path_FGREP='/bin/grep -F'
ac_cv_path_GMSGFMT=/usr/bin/msgfmt
ac_cv_path_GREP=/bin/grep
ac_cv_path_INTLTOOL_EXTRACT=/usr/bin/intltool-extract
ac_cv_path_INTLTOOL_MERGE=/usr/bin/intltool-merge
ac_cv_path_INTLTOOL_PERL=/usr/bin/perl
ac_cv_path_INTLTOOL_UPDATE=/usr/bin/intltool-update
ac_cv_path_MSGFMT=/usr/bin/msgfmt
ac_cv_path_MSGMERGE=/usr/bin/msgmerge
ac_cv_path_SED=/bin/sed
ac_cv_path_XGETTEXT=/usr/bin/xgettext
ac_cv_path_ac_pt_PKG_CONFIG=/usr/bin/pkg-config
ac_cv_path_install='/usr/bin/install -c'
ac_cv_path_mkdir=/bin/mkdir
ac_cv_prog_AWK=mawk
ac_cv_prog_CPP='gcc -E'
ac_cv_prog_CXXCPP='g++ -E'
ac_cv_prog_DOXYGEN=false
ac_cv_prog_MD5SUM=md5sum
ac_cv_prog_ac_ct_AR=ar
ac_cv_prog_ac_ct_CC=gcc
ac_cv_prog_ac_ct_CXX=g++
ac_cv_prog_ac_ct_MANIFEST_TOOL=mt
ac_cv_prog_ac_ct_OBJDUMP=objdump
ac_cv_prog_ac_ct_RANLIB=ranlib
ac_cv_prog_ac_ct_STRIP=strip
ac_cv_prog_cc_c89=
ac_cv_prog_cc_g=yes
ac_cv_prog_cc_gcc_c_o=yes
ac_cv_prog_cxx_g=yes
ac_cv_prog_have_sgmltools=no
ac_cv_prog_make_make_set=yes
ac_cv_target=armv7l-unknown-linux-gnueabihf
acl_cv_hardcode_direct=no
acl_cv_hardcode_libdir_flag_spec='${wl}-rpath ${wl}$libdir'
acl_cv_hardcode_libdir_separator=
acl_cv_hardcode_minus_L=no
acl_cv_libext=a
acl_cv_path_LD=/usr/bin/ld
acl_cv_prog_gnu_ld=yes
acl_cv_rpath=done
acl_cv_shlibext=so
acl_cv_wl=-Wl,
am_cv_CC_dependencies_compiler_type=gcc3
am_cv_CXX_dependencies_compiler_type=gcc3
am_cv_make_support_nested_variables=yes
am_cv_prog_tar_pax=gnutar
gl_cv_ld_output_def=no
gt_cv_func_CFLocaleCopyCurrent=no
gt_cv_func_CFPreferencesCopyAppValue=no
gt_cv_func_gnugettext1_libc=yes
lt_cv_ar_at_file=@
lt_cv_archive_cmds_need_lc=no
lt_cv_deplibs_check_method=pass_all
lt_cv_file_magic_cmd='$MAGIC_CMD'
lt_cv_file_magic_test_file=
lt_cv_ld_reload_flag=-r
lt_cv_nm_interface='BSD nm'
lt_cv_objdir=.libs
lt_cv_path_LD=/usr/bin/ld
lt_cv_path_LDCXX=/usr/bin/ld
lt_cv_path_NM='/usr/bin/nm -B'
lt_cv_path_mainfest_tool=no
lt_cv_prog_compiler_c_o=yes
lt_cv_prog_compiler_c_o_CXX=yes
lt_cv_prog_compiler_pic='-fPIC -DPIC'
lt_cv_prog_compiler_pic_CXX='-fPIC -DPIC'
lt_cv_prog_compiler_pic_works=yes
lt_cv_prog_compiler_pic_works_CXX=yes
lt_cv_prog_compiler_rtti_exceptions=no
lt_cv_prog_compiler_static_works=yes
lt_cv_prog_compiler_static_works_CXX=yes
lt_cv_prog_gnu_ld=yes
lt_cv_prog_gnu_ldcxx=yes
lt_cv_sharedlib_from_linklib_cmd='printf %s\n'
lt_cv_shlibpath_overrides_runpath=no
lt_cv_sys_global_symbol_pipe='sed -n -e '\''s/^.*[	 ]\([ABCDGIRSTW][ABCDGIRSTW]*\)[	 ][	 ]*\([_A-Za-z][_A-Za-z0-9]*\)$/\1 \2 \2/p'\'' | sed '\''/ __gnu_lto/d'\'''
lt_cv_sys_global_symbol_to_c_name_address='sed -n -e '\''s/^: \([^ ]*\)[ ]*$/  {\"\1\", (void *) 0},/p'\'' -e '\''s/^[ABCDGIRSTW]* \([^ ]*\) \([^ ]*\)$/  {"\2", (void *) \&\2},/p'\'''
lt_cv_sys_global_symbol_to_c_name_address_lib_prefix='sed -n -e '\''s/^: \([^ ]*\)[ ]*$/  {\"\1\", (void *) 0},/p'\'' -e '\''s/^[ABCDGIRSTW]* \([^ ]*\) \(lib[^ ]*\)$/  {"\2", (void *) \&\2},/p'\'' -e '\''s/^[ABCDGIRSTW]* \([^ ]*\) \([^ ]*\)$/  {"lib\2", (void *) \&\2},/p'\'''
lt_cv_sys_global_symbol_to_cdecl='sed -n -e '\''s/^T .* \(.*\)$/extern int \1();/p'\'' -e '\''s/^[ABCDGIRSTW]* .* \(.*\)$/extern char \1;/p'\'''
lt_cv_sys_max_cmd_len=1572864
lt_cv_to_host_file_cmd=func_convert_file_noop
lt_cv_to_tool_file_cmd=func_convert_file_noop
pkg_cv_BELLESIP_CFLAGS='-I/usr/local/include  '
pkg_cv_BELLESIP_LIBS='-L/usr/local/lib -lbellesip  '
pkg_cv_LIBUPNP_CFLAGS='-pthread -I/usr/include/upnp  '
pkg_cv_LIBUPNP_LIBS='-pthread -lupnp -lthreadutil -lixml  '
pkg_cv_LIBXML2_CFLAGS='-I/usr/include/libxml2  '
pkg_cv_LIBXML2_LIBS='-lxml2  '
pkg_cv_SPEEX_CFLAGS='-I/usr/local/include  '
pkg_cv_SPEEX_LIBS='-L/usr/local/lib -lspeex  '
pkg_cv_SQLITE3_CFLAGS=' '
pkg_cv_SQLITE3_LIBS='-lsqlite3  '
pkg_cv_ZLIB_CFLAGS=' '
pkg_cv_ZLIB_LIBS='-lz  '

## ----------------- ##
## Output variables. ##
## ----------------- ##

ACLOCAL='${SHELL} /root/linphone_build/linphone/missing --run aclocal-1.11'
ACLOCAL_MACOS_FLAGS=''
ALL_LINGUAS='ar cs de es fr he hu it ja nb_NO nl pl pt_BR ru sr sv tr zh_CN zh_TW'
AMDEPBACKSLASH='\'
AMDEP_FALSE='#'
AMDEP_TRUE=''
AMTAR='$${TAR-tar}'
AM_BACKSLASH='\'
AM_DEFAULT_V='$(AM_DEFAULT_VERBOSITY)'
AM_DEFAULT_VERBOSITY='0'
AM_V='$(V)'
AR='ar'
ARMBUILD_FALSE='#'
ARMBUILD_TRUE=''
AS='as'
AUTOCONF='${SHELL} /root/linphone_build/linphone/missing --run autoconf'
AUTOHEADER='${SHELL} /root/linphone_build/linphone/missing --run autoheader'
AUTOMAKE='${SHELL} /root/linphone_build/linphone/missing --run automake-1.11'
AWK='mawk'
BELLESIP_CFLAGS='-I/usr/local/include  '
BELLESIP_LIBS='-L/usr/local/lib -lbellesip  '
BUILD_CONSOLE_FALSE='#'
BUILD_CONSOLE_TRUE=''
BUILD_CUNIT_TESTS_FALSE=''
BUILD_CUNIT_TESTS_TRUE='#'
BUILD_GTK_UI_FALSE=''
BUILD_GTK_UI_TRUE='#'
BUILD_IOS_FALSE=''
BUILD_IOS_TRUE='#'
BUILD_LDAP_FALSE=''
BUILD_LDAP_TRUE='#'
BUILD_MSG_STORAGE_FALSE='#'
BUILD_MSG_STORAGE_TRUE=''
BUILD_STATUS_NOTIFIER_FALSE=''
BUILD_STATUS_NOTIFIER_TRUE='#'
BUILD_TOOLS_FALSE='#'
BUILD_TOOLS_TRUE=''
BUILD_TRUESPEECH_FALSE=''
BUILD_TRUESPEECH_TRUE='#'
BUILD_TUNNEL_FALSE=''
BUILD_TUNNEL_TRUE='#'
BUILD_UPNP_FALSE='#'
BUILD_UPNP_TRUE=''
BUILD_WIN32_FALSE=''
BUILD_WIN32_TRUE='#'
BUILD_WIZARD_FALSE=''
BUILD_WIZARD_TRUE='#'
CC='gcc'
CCDEPMODE='depmode=gcc3'
CFLAGS='-g -O2 -fno-strict-aliasing'
CONSOLE_FLAGS=''
CPP='gcc -E'
CPPFLAGS=''
CUNIT_CFLAGS=''
CUNIT_LIBS=''
CXX='g++'
CXXCPP='g++ -E'
CXXDEPMODE='depmode=gcc3'
CXXFLAGS='-g -O2'
CYGPATH_W='echo'
DATADIRNAME='share'
DEFS='-DHAVE_CONFIG_H'
DEPDIR='.deps'
DLLTOOL='false'
DOXYGEN='false'
DSYMUTIL=''
DUMPBIN=''
ECHO_C=''
ECHO_N='-n'
ECHO_T=''
EGREP='/bin/grep -E'
ENABLE_MANUAL_FALSE=''
ENABLE_MANUAL_TRUE='#'
ENABLE_TESTS_FALSE='#'
ENABLE_TESTS_TRUE=''
ENABLE_TUTORIALS_FALSE='#'
ENABLE_TUTORIALS_TRUE=''
EXEEXT=''
FGREP='/bin/grep -F'
GETTEXT_PACKAGE='linphone'
GMSGFMT='/usr/bin/msgfmt'
GMSGFMT_015='/usr/bin/msgfmt'
GREP='/bin/grep'
GUI_FLAGS=''
HAVE_DOXYGEN_FALSE=''
HAVE_DOXYGEN_TRUE='#'
HAVE_LD_OUTPUT_DEF_FALSE=''
HAVE_LD_OUTPUT_DEF_TRUE='#'
HAVE_MD5SUM_FALSE='#'
HAVE_MD5SUM_TRUE=''
HTTPS_CA_DIR=''
INSTALL_DATA='${INSTALL} -m 644'
INSTALL_PROGRAM='${INSTALL}'
INSTALL_SCRIPT='${INSTALL}'
INSTALL_STRIP_PROGRAM='$(install_sh) -c -s'
INTLLIBS=''
INTLTOOL_CAVES_RULE='%.caves:     %.caves.in     $(INTLTOOL_MERGE) $(wildcard $(top_srcdir)/po/*.po) ; $(INTLTOOL_V_MERGE)LC_ALL=C $(INTLTOOL_MERGE) $(INTLTOOL_V_MERGE_OPTIONS) -d -u -c $(top_builddir)/po/.intltool-merge-cache $(top_srcdir)/po $< $@'
INTLTOOL_DESKTOP_RULE='%.desktop:   %.desktop.in   $(INTLTOOL_MERGE) $(wildcard $(top_srcdir)/po/*.po) ; $(INTLTOOL_V_MERGE)LC_ALL=C $(INTLTOOL_MERGE) $(INTLTOOL_V_MERGE_OPTIONS) -d -u -c $(top_builddir)/po/.intltool-merge-cache $(top_srcdir)/po $< $@'
INTLTOOL_DIRECTORY_RULE='%.directory: %.directory.in $(INTLTOOL_MERGE) $(wildcard $(top_srcdir)/po/*.po) ; $(INTLTOOL_V_MERGE)LC_ALL=C $(INTLTOOL_MERGE) $(INTLTOOL_V_MERGE_OPTIONS) -d -u -c $(top_builddir)/po/.intltool-merge-cache $(top_srcdir)/po $< $@'
INTLTOOL_EXTRACT='/usr/bin/intltool-extract'
INTLTOOL_KBD_RULE='%.kbd:       %.kbd.in       $(INTLTOOL_MERGE) $(wildcard $(top_srcdir)/po/*.po) ; $(INTLTOOL_V_MERGE)LC_ALL=C $(INTLTOOL_MERGE) $(INTLTOOL_V_MERGE_OPTIONS) -x -u -m -c $(top_builddir)/po/.intltool-merge-cache $(top_srcdir)/po $< $@'
INTLTOOL_KEYS_RULE='%.keys:      %.keys.in      $(INTLTOOL_MERGE) $(wildcard $(top_srcdir)/po/*.po) ; $(INTLTOOL_V_MERGE)LC_ALL=C $(INTLTOOL_MERGE) $(INTLTOOL_V_MERGE_OPTIONS) -k -u -c $(top_builddir)/po/.intltool-merge-cache $(top_srcdir)/po $< $@'
INTLTOOL_MERGE='/usr/bin/intltool-merge'
INTLTOOL_OAF_RULE='%.oaf:       %.oaf.in       $(INTLTOOL_MERGE) $(wildcard $(top_srcdir)/po/*.po) ; $(INTLTOOL_V_MERGE)LC_ALL=C $(INTLTOOL_MERGE) $(INTLTOOL_V_MERGE_OPTIONS) -o -p $(top_srcdir)/po $< $@'
INTLTOOL_PERL='/usr/bin/perl'
INTLTOOL_POLICY_RULE='%.policy:    %.policy.in    $(INTLTOOL_MERGE) $(wildcard $(top_srcdir)/po/*.po) ; $(INTLTOOL_V_MERGE)LC_ALL=C $(INTLTOOL_MERGE) $(INTLTOOL_V_MERGE_OPTIONS) -x -u -c $(top_builddir)/po/.intltool-merge-cache $(top_srcdir)/po $< $@'
INTLTOOL_PONG_RULE='%.pong:      %.pong.in      $(INTLTOOL_MERGE) $(wildcard $(top_srcdir)/po/*.po) ; $(INTLTOOL_V_MERGE)LC_ALL=C $(INTLTOOL_MERGE) $(INTLTOOL_V_MERGE_OPTIONS) -x -u -c $(top_builddir)/po/.intltool-merge-cache $(top_srcdir)/po $< $@'
INTLTOOL_PROP_RULE='%.prop:      %.prop.in      $(INTLTOOL_MERGE) $(wildcard $(top_srcdir)/po/*.po) ; $(INTLTOOL_V_MERGE)LC_ALL=C $(INTLTOOL_MERGE) $(INTLTOOL_V_MERGE_OPTIONS) -d -u -c $(top_builddir)/po/.intltool-merge-cache $(top_srcdir)/po $< $@'
INTLTOOL_SCHEMAS_RULE='%.schemas:   %.schemas.in   $(INTLTOOL_MERGE) $(wildcard $(top_srcdir)/po/*.po) ; $(INTLTOOL_V_MERGE)LC_ALL=C $(INTLTOOL_MERGE) $(INTLTOOL_V_MERGE_OPTIONS) -s -u -c $(top_builddir)/po/.intltool-merge-cache $(top_srcdir)/po $< $@'
INTLTOOL_SERVER_RULE='%.server:    %.server.in    $(INTLTOOL_MERGE) $(wildcard $(top_srcdir)/po/*.po) ; $(INTLTOOL_V_MERGE)LC_ALL=C $(INTLTOOL_MERGE) $(INTLTOOL_V_MERGE_OPTIONS) -o -u -c $(top_builddir)/po/.intltool-merge-cache $(top_srcdir)/po $< $@'
INTLTOOL_SERVICE_RULE='%.service: %.service.in   $(INTLTOOL_MERGE) $(wildcard $(top_srcdir)/po/*.po) ; $(INTLTOOL_V_MERGE)LC_ALL=C $(INTLTOOL_MERGE) $(INTLTOOL_V_MERGE_OPTIONS) -d -u -c $(top_builddir)/po/.intltool-merge-cache $(top_srcdir)/po $< $@'
INTLTOOL_SHEET_RULE='%.sheet:     %.sheet.in     $(INTLTOOL_MERGE) $(wildcard $(top_srcdir)/po/*.po) ; $(INTLTOOL_V_MERGE)LC_ALL=C $(INTLTOOL_MERGE) $(INTLTOOL_V_MERGE_OPTIONS) -x -u -c $(top_builddir)/po/.intltool-merge-cache $(top_srcdir)/po $< $@'
INTLTOOL_SOUNDLIST_RULE='%.soundlist: %.soundlist.in $(INTLTOOL_MERGE) $(wildcard $(top_srcdir)/po/*.po) ; $(INTLTOOL_V_MERGE)LC_ALL=C $(INTLTOOL_MERGE) $(INTLTOOL_V_MERGE_OPTIONS) -d -u -c $(top_builddir)/po/.intltool-merge-cache $(top_srcdir)/po $< $@'
INTLTOOL_THEME_RULE='%.theme:     %.theme.in     $(INTLTOOL_MERGE) $(wildcard $(top_srcdir)/po/*.po) ; $(INTLTOOL_V_MERGE)LC_ALL=C $(INTLTOOL_MERGE) $(INTLTOOL_V_MERGE_OPTIONS) -d -u -c $(top_builddir)/po/.intltool-merge-cache $(top_srcdir)/po $< $@'
INTLTOOL_UI_RULE='%.ui:        %.ui.in        $(INTLTOOL_MERGE) $(wildcard $(top_srcdir)/po/*.po) ; $(INTLTOOL_V_MERGE)LC_ALL=C $(INTLTOOL_MERGE) $(INTLTOOL_V_MERGE_OPTIONS) -x -u -c $(top_builddir)/po/.intltool-merge-cache $(top_srcdir)/po $< $@'
INTLTOOL_UPDATE='/usr/bin/intltool-update'
INTLTOOL_V_MERGE='$(INTLTOOL__v_MERGE_$(V))'
INTLTOOL_V_MERGE_OPTIONS='$(intltool__v_merge_options_$(V))'
INTLTOOL_XAM_RULE='%.xam:       %.xml.in       $(INTLTOOL_MERGE) $(wildcard $(top_srcdir)/po/*.po) ; $(INTLTOOL_V_MERGE)LC_ALL=C $(INTLTOOL_MERGE) $(INTLTOOL_V_MERGE_OPTIONS) -x -u -c $(top_builddir)/po/.intltool-merge-cache $(top_srcdir)/po $< $@'
INTLTOOL_XML_NOMERGE_RULE='%.xml:       %.xml.in       $(INTLTOOL_MERGE) ; $(INTLTOOL_V_MERGE)LC_ALL=C $(INTLTOOL_MERGE) $(INTLTOOL_V_MERGE_OPTIONS) -x -u --no-translations $< $@'
INTLTOOL_XML_RULE='%.xml:       %.xml.in       $(INTLTOOL_MERGE) $(wildcard $(top_srcdir)/po/*.po) ; $(INTLTOOL_V_MERGE)LC_ALL=C $(INTLTOOL_MERGE) $(INTLTOOL_V_MERGE_OPTIONS) -x -u -c $(top_builddir)/po/.intltool-merge-cache $(top_srcdir)/po $< $@'
INTLTOOL__v_MERGE_0='@echo "  ITMRG " $@;'
INTLTOOL__v_MERGE_='$(INTLTOOL__v_MERGE_$(AM_DEFAULT_VERBOSITY))'
INTL_MACOSX_LIBS=''
IPV6_CFLAGS='-DINET6'
LD='/usr/bin/ld'
LDAP_CFLAGS=''
LDAP_LIBS=''
LDFLAGS=''
LIBGLIB_CFLAGS=''
LIBGLIB_LIBS=''
LIBGTKMAC_CFLAGS=''
LIBGTKMAC_LIBS=''
LIBGTKWIZARD_CFLAGS=''
LIBGTKWIZARD_LIBS=''
LIBGTK_CFLAGS=''
LIBGTK_LIBS=''
LIBICONV='-liconv'
LIBINTL=''
LIBLINPHONE_SO_CURRENT='7'
LIBLINPHONE_SO_VERSION='7:0:0'
LIBOBJS=''
LIBS=' '
LIBTOOL='$(SHELL) $(top_builddir)/libtool'
LIBTOOL_DEPS='./ltmain.sh'
LIBUPNP_CFLAGS='-pthread -I/usr/include/upnp  '
LIBUPNP_LIBS='-pthread -lupnp -lthreadutil -lixml  '
LIBXML2_CFLAGS='-I/usr/include/libxml2  '
LIBXML2_LIBS='-lxml2  '
LINPHONE_CFLAGS='-I${prefix}/include -I${prefix}/include/linphone'
LINPHONE_LIBS='-L${exec_prefix}/lib -llinphone'
LINPHONE_PLUGINS_DIR='/usr/local/lib/liblinphone/plugins'
LINPHONE_VERSION='3.8.5'
LIPO=''
LN_S='ln -s'
LTLIBICONV='-liconv'
LTLIBINTL=''
LTLIBOBJS=''
MAKEINFO='${SHELL} /root/linphone_build/linphone/missing --run makeinfo'
MANIFEST_TOOL=':'
MD5SUM='md5sum'
MEDIASTREAMER_CFLAGS='-I$(top_srcdir)/mediastreamer2/include'
MEDIASTREAMER_LIBS='$(top_builddir)/mediastreamer2/src/libmediastreamer_base.la $(top_builddir)/mediastreamer2/src/libmediastreamer_voip.la'
MKDIR_P='/bin/mkdir -p'
MS2_DIR='mediastreamer2'
MS2_VERSION='2.11.2'
MSGFMT='/usr/bin/msgfmt'
MSGFMT_015='/usr/bin/msgfmt'
MSGMERGE='/usr/bin/msgmerge'
NM='/usr/bin/nm -B'
NMEDIT=''
NOTIFY1_CFLAGS=''
NOTIFY1_LIBS=''
NOTIFY4_CFLAGS=''
NOTIFY4_LIBS=''
OBJDUMP='objdump'
OBJEXT='o'
ORTP_CFLAGS='-I$(top_srcdir)/oRTP/include'
ORTP_DIR='oRTP'
ORTP_LIBS='$(top_builddir)/oRTP/src/libortp.la'
ORTP_VERSION='0.24.2'
OTOOL64=''
OTOOL=''
PACKAGE='linphone'
PACKAGE_BUGREPORT='linphone-developers@nongnu.org'
PACKAGE_NAME='linphone'
PACKAGE_STRING='linphone 3.8.5'
PACKAGE_TARNAME='linphone'
PACKAGE_URL=''
PACKAGE_VERSION='3.8.5'
PATH_SEPARATOR=':'
PKG_CONFIG='/usr/bin/pkg-config'
PKG_CONFIG_LIBDIR=''
PKG_CONFIG_PATH=''
POSUB='po'
RANLIB='ranlib'
READLINE_CFLAGS='-I/usr/local/include'
READLINE_LIBS='-L/usr/local/lib'
SASL_CFLAGS=''
SASL_LIBS=''
SED='/bin/sed'
SET_MAKE=''
SHELL='/bin/bash'
SIPSTACK_CFLAGS='-I/usr/local/include  '
SIPSTACK_LIBS='-L/usr/local/lib -lbellesip  '
SPEEX_CFLAGS='-I/usr/local/include  '
SPEEX_LIBS='-L/usr/local/lib -lspeex  '
SQLITE3_CFLAGS=' -DMSG_STORAGE_ENABLED'
SQLITE3_LIBS='-lsqlite3  '
STRICT_OPTIONS='-Wall -Wuninitialized -Werror'
STRICT_OPTIONS_CC='-Wdeclaration-after-statement '
STRICT_OPTIONS_CXX=''
STRIP='strip'
TRUESPEECH_CFLAGS=''
TUNNEL_CFLAGS=''
TUNNEL_LIBS=''
USE_NLS='yes'
VERSION='3.8.5'
WINDRES=''
X11_LIBS=''
XGETTEXT='/usr/bin/xgettext'
XGETTEXT_015='/usr/bin/xgettext'
ZLIB_CFLAGS=' '
ZLIB_LIBS='-lz  '
ac_ct_AR='ar'
ac_ct_CC='gcc'
ac_ct_CXX='g++'
ac_ct_DUMPBIN=''
am__EXEEXT_FALSE=''
am__EXEEXT_TRUE='#'
am__fastdepCC_FALSE='#'
am__fastdepCC_TRUE=''
am__fastdepCXX_FALSE='#'
am__fastdepCXX_TRUE=''
am__include='include'
am__isrc=''
am__leading_dot='.'
am__nodep='_no'
am__quote=''
am__tar='tar --format=posix -chf - "$$tardir"'
am__untar='tar -xf -'
bindir='${exec_prefix}/bin'
build='armv7l-unknown-linux-gnueabihf'
build_alias=''
build_cpu='armv7l'
build_os='linux-gnueabihf'
build_vendor='unknown'
datadir='${datarootdir}'
datarootdir='${prefix}/share'
docdir='${datarootdir}/doc'
dvidir='${docdir}'
exec_prefix='${prefix}'
have_sgmltools='no'
host='armv7l-unknown-linux-gnueabihf'
host_alias=''
host_cpu='armv7l'
host_os='linux-gnueabihf'
host_vendor='unknown'
htmldir='${docdir}'
includedir='${prefix}/include'
infodir='${datarootdir}/info'
install_sh='${SHELL} /root/linphone_build/linphone/install-sh'
intltool__v_merge_options_0='-q'
intltool__v_merge_options_='$(intltool__v_merge_options_$(AM_DEFAULT_VERBOSITY))'
libdir='${exec_prefix}/lib'
libexecdir='${exec_prefix}/libexec'
localedir='${datarootdir}/locale'
localstatedir='${prefix}/var'
mandir='${datarootdir}/man'
oldincludedir='/usr/include'
pdfdir='${docdir}'
prefix='/usr/local'
program_transform_name='s,x,x,'
psdir='${docdir}'
sbindir='${exec_prefix}/sbin'
sharedstatedir='${prefix}/com'
subdirs=' oRTP mediastreamer2'
sysconfdir='${prefix}/etc'
target='armv7l-unknown-linux-gnueabihf'
target_alias=''
target_cpu='armv7l'
target_os='linux-gnueabihf'
target_vendor='unknown'

## ----------- ##
## confdefs.h. ##
## ----------- ##

/* confdefs.h */
#define PACKAGE_NAME "linphone"
#define PACKAGE_TARNAME "linphone"
#define PACKAGE_VERSION "3.8.5"
#define PACKAGE_STRING "linphone 3.8.5"
#define PACKAGE_BUGREPORT "linphone-developers@nongnu.org"
#define PACKAGE_URL ""
#define PACKAGE "linphone"
#define VERSION "3.8.5"
#define STDC_HEADERS 1
#define HAVE_SYS_TYPES_H 1
#define HAVE_SYS_STAT_H 1
#define HAVE_STDLIB_H 1
#define HAVE_STRING_H 1
#define HAVE_MEMORY_H 1
#define HAVE_STRINGS_H 1
#define HAVE_INTTYPES_H 1
#define HAVE_STDINT_H 1
#define HAVE_UNISTD_H 1
#define HAVE_DLFCN_H 1
#define LT_OBJDIR ".libs/"
#define LINPHONE_ALL_LANGS "ar cs de es fr he hu it ja nb_NO nl pl pt_BR ru sr sv tr zh_CN zh_TW"
#define ENABLE_NLS 1
#define HAVE_GETTEXT 1
#define HAVE_DCGETTEXT 1
#define GETTEXT_PACKAGE "linphone"
#define HAVE_GET_CURRENT_DIR_NAME 1
#define HAVE_STRNDUP 1
#define HAVE_STPCPY 1
#define BUILD_UPNP 1
#define HAVE_ZLIB 1
#define BUILD_TOOLS 1
#define __ARM__ 1
#define LINPHONE_CONFIG_DIR "Linphone"
#define PACKAGE_LOCALE_DIR "/usr/local/share/locale"
#define PACKAGE_DATA_DIR "/usr/local/share"
#define PACKAGE_SOUND_DIR "/usr/local/share/sounds/linphone"
#define HAVE_GETIFADDRS 1
#define HAVE_POLARSSL_GCM_H 1
#define HAVE_GETENV 1
#define LINPHONE_VERSION "3.8.5"
#define LINPHONE_PLUGINS_DIR "/usr/local/lib/liblinphone/plugins"

configure: exit 0

## ---------------------- ##
## Running config.status. ##
## ---------------------- ##

This file was extended by linphone config.status 3.8.5, which was
generated by GNU Autoconf 2.69.  Invocation command line was

  CONFIG_FILES    = 
  CONFIG_HEADERS  = 
  CONFIG_LINKS    = 
  CONFIG_COMMANDS = 
  $ ./config.status config.h

on a20-olimex

config.status:1384: creating config.h
config.status:1565: config.h is unchanged
