This file contains any messages produced by compilers while
running configure, to aid debugging if configure makes a mistake.

It was created by ortp configure 0.24.2, which was
generated by GNU Autoconf 2.69.  Invocation command line was

  $ ./configure --disable-option-checking --prefix=/usr/local --disable-x11 --enable-gtk_ui=no --disable-xv --enable-sdl --disable-video --cache-file=/dev/null --srcdir=.

## --------- ##
## Platform. ##
## --------- ##

hostname = a20-olimex
uname -m = armv7l
uname -r = 3.4.90+
uname -s = Linux
uname -v = #11 SMP PREEMPT Wed Aug 20 08:20:32 EEST 2014

/usr/bin/uname -p = unknown
/bin/uname -X     = unknown

/bin/arch              = unknown
/usr/bin/arch -k       = unknown
/usr/convex/getsysinfo = unknown
/usr/bin/hostinfo      = unknown
/bin/machine           = unknown
/usr/bin/oslevel       = unknown
/bin/universe          = unknown

PATH: /usr/local/sbin
PATH: /usr/local/bin
PATH: /usr/sbin
PATH: /usr/bin
PATH: /sbin
PATH: /bin


## ----------- ##
## Core tests. ##
## ----------- ##

configure:2295: checking build system type
configure:2309: result: armv7l-unknown-linux-gnueabihf
configure:2329: checking host system type
configure:2342: result: armv7l-unknown-linux-gnueabihf
configure:2362: checking target system type
configure:2375: result: armv7l-unknown-linux-gnueabihf
configure:2449: checking for a BSD-compatible install
configure:2517: result: /usr/bin/install -c
configure:2528: checking whether build environment is sane
configure:2578: result: yes
configure:2719: checking for a thread-safe mkdir -p
configure:2758: result: /bin/mkdir -p
configure:2766: checking for gawk
configure:2796: result: no
configure:2766: checking for mawk
configure:2782: found /usr/bin/mawk
configure:2793: result: mawk
configure:2804: checking whether make sets $(MAKE)
configure:2826: result: yes
configure:2901: checking how to create a ustar tar archive
configure:2914: tar --version
tar (GNU tar) 1.26
Copyright (C) 2011 Free Software Foundation, Inc.
License GPLv3+: GNU GPL version 3 or later <http://gnu.org/licenses/gpl.html>.
This is free software: you are free to change and redistribute it.
There is NO WARRANTY, to the extent permitted by law.

Written by John Gilmore and Jay Fenlason.
configure:2917: $? = 0
configure:2957: tardir=conftest.dir && eval tar --format=ustar -chf - "$tardir" >conftest.tar
configure:2960: $? = 0
configure:2964: tar -xf - <conftest.tar
configure:2967: $? = 0
configure:2980: result: gnutar
configure:2998: checking whether make supports nested variables
configure:3015: result: yes
configure:3100: checking for gcc
configure:3116: found /usr/bin/gcc
configure:3127: result: gcc
configure:3356: checking for C compiler version
configure:3365: gcc --version >&5
gcc (Debian 4.6.3-14) 4.6.3
Copyright (C) 2011 Free Software Foundation, Inc.
This is free software; see the source for copying conditions.  There is NO
warranty; not even for MERCHANTABILITY or FITNESS FOR A PARTICULAR PURPOSE.

configure:3376: $? = 0
configure:3365: gcc -v >&5
Using built-in specs.
COLLECT_GCC=gcc
COLLECT_LTO_WRAPPER=/usr/lib/gcc/arm-linux-gnueabihf/4.6/lto-wrapper
Target: arm-linux-gnueabihf
Configured with: ../src/configure -v --with-pkgversion='Debian 4.6.3-14' --with-bugurl=file:///usr/share/doc/gcc-4.6/README.Bugs --enable-languages=c,c++,fortran,objc,obj-c++ --prefix=/usr --program-suffix=-4.6 --enable-shared --enable-linker-build-id --with-system-zlib --libexecdir=/usr/lib --without-included-gettext --enable-threads=posix --with-gxx-include-dir=/usr/include/c++/4.6 --libdir=/usr/lib --enable-nls --with-sysroot=/ --enable-clocale=gnu --enable-libstdcxx-debug --enable-libstdcxx-time=yes --enable-gnu-unique-object --enable-plugin --enable-objc-gc --disable-sjlj-exceptions --with-arch=armv7-a --with-fpu=vfpv3-d16 --with-float=hard --with-mode=thumb --enable-checking=release --build=arm-linux-gnueabihf --host=arm-linux-gnueabihf --target=arm-linux-gnueabihf
Thread model: posix
gcc version 4.6.3 (Debian 4.6.3-14) 
configure:3376: $? = 0
configure:3365: gcc -V >&5
gcc: error: unrecognized option '-V'
gcc: fatal error: no input files
compilation terminated.
configure:3376: $? = 4
configure:3365: gcc -qversion >&5
gcc: error: unrecognized option '-qversion'
gcc: fatal error: no input files
compilation terminated.
configure:3376: $? = 4
configure:3396: checking whether the C compiler works
configure:3418: gcc    conftest.c  >&5
configure:3422: $? = 0
configure:3470: result: yes
configure:3473: checking for C compiler default output file name
configure:3475: result: a.out
configure:3481: checking for suffix of executables
configure:3488: gcc -o conftest    conftest.c  >&5
configure:3492: $? = 0
configure:3514: result: 
configure:3536: checking whether we are cross compiling
configure:3544: gcc -o conftest    conftest.c  >&5
configure:3548: $? = 0
configure:3555: ./conftest
configure:3559: $? = 0
configure:3574: result: no
configure:3579: checking for suffix of object files
configure:3601: gcc -c   conftest.c >&5
configure:3605: $? = 0
configure:3626: result: o
configure:3630: checking whether we are using the GNU C compiler
configure:3649: gcc -c   conftest.c >&5
configure:3649: $? = 0
configure:3658: result: yes
configure:3667: checking whether gcc accepts -g
configure:3687: gcc -c -g  conftest.c >&5
configure:3687: $? = 0
configure:3728: result: yes
configure:3745: checking for gcc option to accept ISO C89
configure:3808: gcc  -c -g -O2  conftest.c >&5
configure:3808: $? = 0
configure:3821: result: none needed
configure:3852: checking for style of include used by make
configure:3880: result: GNU
configure:3906: checking dependency style of gcc
configure:4017: result: gcc3
configure:4078: checking how to print strings
configure:4105: result: printf
configure:4126: checking for a sed that does not truncate output
configure:4190: result: /bin/sed
configure:4208: checking for grep that handles long lines and -e
configure:4266: result: /bin/grep
configure:4271: checking for egrep
configure:4333: result: /bin/grep -E
configure:4338: checking for fgrep
configure:4400: result: /bin/grep -F
configure:4435: checking for ld used by gcc
configure:4502: result: /usr/bin/ld
configure:4509: checking if the linker (/usr/bin/ld) is GNU ld
configure:4524: result: yes
configure:4536: checking for BSD- or MS-compatible name lister (nm)
configure:4585: result: /usr/bin/nm -B
configure:4715: checking the name lister (/usr/bin/nm -B) interface
configure:4722: gcc -c -g -O2  conftest.c >&5
configure:4725: /usr/bin/nm -B "conftest.o"
configure:4728: output
00000000 B some_variable
configure:4735: result: BSD nm
configure:4738: checking whether ln -s works
configure:4742: result: yes
configure:4750: checking the maximum length of command line arguments
configure:4880: result: 1572864
configure:4897: checking whether the shell understands some XSI constructs
configure:4907: result: yes
configure:4911: checking whether the shell understands "+="
configure:4917: result: yes
configure:4952: checking how to convert armv7l-unknown-linux-gnueabihf file names to armv7l-unknown-linux-gnueabihf format
configure:4992: result: func_convert_file_noop
configure:4999: checking how to convert armv7l-unknown-linux-gnueabihf file names to toolchain format
configure:5019: result: func_convert_file_noop
configure:5026: checking for /usr/bin/ld option to reload object files
configure:5033: result: -r
configure:5107: checking for objdump
configure:5123: found /usr/bin/objdump
configure:5134: result: objdump
configure:5163: checking how to recognize dependent libraries
configure:5361: result: pass_all
configure:5446: checking for dlltool
configure:5476: result: no
configure:5503: checking how to associate runtime and link libraries
configure:5530: result: printf %s\n
configure:5591: checking for ar
configure:5607: found /usr/bin/ar
configure:5618: result: ar
configure:5655: checking for archiver @FILE support
configure:5672: gcc -c -g -O2  conftest.c >&5
configure:5672: $? = 0
configure:5675: ar cru libconftest.a @conftest.lst >&5
configure:5678: $? = 0
configure:5683: ar cru libconftest.a @conftest.lst >&5
ar: conftest.o: No such file or directory
configure:5686: $? = 1
configure:5698: result: @
configure:5756: checking for strip
configure:5772: found /usr/bin/strip
configure:5783: result: strip
configure:5855: checking for ranlib
configure:5871: found /usr/bin/ranlib
configure:5882: result: ranlib
configure:5984: checking command to parse /usr/bin/nm -B output from gcc object
configure:6104: gcc -c -g -O2  conftest.c >&5
configure:6107: $? = 0
configure:6111: /usr/bin/nm -B conftest.o \| sed -n -e 's/^.*[ ]\([ABCDGIRSTW][ABCDGIRSTW]*\)[ ][ ]*\([_A-Za-z][_A-Za-z0-9]*\)$/\1 \2 \2/p' | sed '/ __gnu_lto/d' \> conftest.nm
configure:6114: $? = 0
configure:6180: gcc -o conftest -g -O2   conftest.c conftstm.o >&5
configure:6183: $? = 0
configure:6221: result: ok
configure:6258: checking for sysroot
configure:6288: result: no
configure:6544: checking for mt
configure:6560: found /bin/mt
configure:6571: result: mt
configure:6594: checking if mt is a manifest tool
configure:6600: mt '-?'
configure:6608: result: no
configure:7250: checking how to run the C preprocessor
configure:7281: gcc -E  conftest.c
configure:7281: $? = 0
configure:7295: gcc -E  conftest.c
conftest.c:15:28: fatal error: ac_nonexistent.h: No such file or directory
compilation terminated.
configure:7295: $? = 1
configure: failed program was:
| /* confdefs.h */
| #define PACKAGE_NAME "ortp"
| #define PACKAGE_TARNAME "ortp"
| #define PACKAGE_VERSION "0.24.2"
| #define PACKAGE_STRING "ortp 0.24.2"
| #define PACKAGE_BUGREPORT ""
| #define PACKAGE_URL ""
| #define PACKAGE "ortp"
| #define VERSION "0.24.2"
| #define ORTP_MAJOR_VERSION 0
| #define ORTP_MINOR_VERSION 24
| #define ORTP_MICRO_VERSION 2
| #define ORTP_VERSION "0.24.2"
| /* end confdefs.h.  */
| #include <ac_nonexistent.h>
configure:7320: result: gcc -E
configure:7340: gcc -E  conftest.c
configure:7340: $? = 0
configure:7354: gcc -E  conftest.c
conftest.c:15:28: fatal error: ac_nonexistent.h: No such file or directory
compilation terminated.
configure:7354: $? = 1
configure: failed program was:
| /* confdefs.h */
| #define PACKAGE_NAME "ortp"
| #define PACKAGE_TARNAME "ortp"
| #define PACKAGE_VERSION "0.24.2"
| #define PACKAGE_STRING "ortp 0.24.2"
| #define PACKAGE_BUGREPORT ""
| #define PACKAGE_URL ""
| #define PACKAGE "ortp"
| #define VERSION "0.24.2"
| #define ORTP_MAJOR_VERSION 0
| #define ORTP_MINOR_VERSION 24
| #define ORTP_MICRO_VERSION 2
| #define ORTP_VERSION "0.24.2"
| /* end confdefs.h.  */
| #include <ac_nonexistent.h>
configure:7383: checking for ANSI C header files
configure:7403: gcc -c -g -O2  conftest.c >&5
configure:7403: $? = 0
configure:7476: gcc -o conftest -g -O2   conftest.c  >&5
configure:7476: $? = 0
configure:7476: ./conftest
configure:7476: $? = 0
configure:7487: result: yes
configure:7500: checking for sys/types.h
configure:7500: gcc -c -g -O2  conftest.c >&5
configure:7500: $? = 0
configure:7500: result: yes
configure:7500: checking for sys/stat.h
configure:7500: gcc -c -g -O2  conftest.c >&5
configure:7500: $? = 0
configure:7500: result: yes
configure:7500: checking for stdlib.h
configure:7500: gcc -c -g -O2  conftest.c >&5
configure:7500: $? = 0
configure:7500: result: yes
configure:7500: checking for string.h
configure:7500: gcc -c -g -O2  conftest.c >&5
configure:7500: $? = 0
configure:7500: result: yes
configure:7500: checking for memory.h
configure:7500: gcc -c -g -O2  conftest.c >&5
configure:7500: $? = 0
configure:7500: result: yes
configure:7500: checking for strings.h
configure:7500: gcc -c -g -O2  conftest.c >&5
configure:7500: $? = 0
configure:7500: result: yes
configure:7500: checking for inttypes.h
configure:7500: gcc -c -g -O2  conftest.c >&5
configure:7500: $? = 0
configure:7500: result: yes
configure:7500: checking for stdint.h
configure:7500: gcc -c -g -O2  conftest.c >&5
configure:7500: $? = 0
configure:7500: result: yes
configure:7500: checking for unistd.h
configure:7500: gcc -c -g -O2  conftest.c >&5
configure:7500: $? = 0
configure:7500: result: yes
configure:7514: checking for dlfcn.h
configure:7514: gcc -c -g -O2  conftest.c >&5
configure:7514: $? = 0
configure:7514: result: yes
configure:8016: checking for objdir
configure:8031: result: .libs
configure:8302: checking if gcc supports -fno-rtti -fno-exceptions
configure:8320: gcc -c -g -O2  -fno-rtti -fno-exceptions conftest.c >&5
cc1: warning: command line option '-fno-rtti' is valid for C++/ObjC++ but not for C [enabled by default]
configure:8324: $? = 0
configure:8337: result: no
configure:8664: checking for gcc option to produce PIC
configure:8671: result: -fPIC -DPIC
configure:8679: checking if gcc PIC flag -fPIC -DPIC works
configure:8697: gcc -c -g -O2  -fPIC -DPIC -DPIC conftest.c >&5
configure:8701: $? = 0
configure:8714: result: yes
configure:8743: checking if gcc static flag -static works
configure:8771: result: yes
configure:8786: checking if gcc supports -c -o file.o
configure:8807: gcc -c -g -O2  -o out/conftest2.o conftest.c >&5
configure:8811: $? = 0
configure:8833: result: yes
configure:8841: checking if gcc supports -c -o file.o
configure:8888: result: yes
configure:8921: checking whether the gcc linker (/usr/bin/ld) supports shared libraries
configure:10078: result: yes
configure:10115: checking whether -lc should be explicitly linked in
configure:10123: gcc -c -g -O2  conftest.c >&5
configure:10126: $? = 0
configure:10141: gcc -shared  -fPIC -DPIC conftest.o  -v -Wl,-soname -Wl,conftest -o conftest 2\>\&1 \| /bin/grep  -lc  \>/dev/null 2\>\&1
configure:10144: $? = 0
configure:10158: result: no
configure:10318: checking dynamic linker characteristics
configure:10818: gcc -o conftest -g -O2   -Wl,-rpath -Wl,/foo conftest.c  >&5
configure:10818: $? = 0
configure:11052: result: GNU/Linux ld.so
configure:11159: checking how to hardcode library paths into programs
configure:11184: result: immediate
configure:11724: checking whether stripping libraries is possible
configure:11729: result: yes
configure:11764: checking if libtool supports shared libraries
configure:11766: result: yes
configure:11769: checking whether to build shared libraries
configure:11790: result: yes
configure:11793: checking whether to build static libraries
configure:11797: result: no
configure:11836: checking if gcc/ld supports -Wl,--output-def
configure:11857: gcc -o conftest -g -O2  -Wl,--output-def,conftest.def conftest.c  >&5
/usr/bin/ld: unrecognized option '--output-def'
/usr/bin/ld: use the --help option for usage information
collect2: ld returned 1 exit status
configure:11857: $? = 1
configure: failed program was:
| /* confdefs.h */
| #define PACKAGE_NAME "ortp"
| #define PACKAGE_TARNAME "ortp"
| #define PACKAGE_VERSION "0.24.2"
| #define PACKAGE_STRING "ortp 0.24.2"
| #define PACKAGE_BUGREPORT ""
| #define PACKAGE_URL ""
| #define PACKAGE "ortp"
| #define VERSION "0.24.2"
| #define ORTP_MAJOR_VERSION 0
| #define ORTP_MINOR_VERSION 24
| #define ORTP_MICRO_VERSION 2
| #define ORTP_VERSION "0.24.2"
| #define STDC_HEADERS 1
| #define HAVE_SYS_TYPES_H 1
| #define HAVE_SYS_STAT_H 1
| #define HAVE_STDLIB_H 1
| #define HAVE_STRING_H 1
| #define HAVE_MEMORY_H 1
| #define HAVE_STRINGS_H 1
| #define HAVE_INTTYPES_H 1
| #define HAVE_STDINT_H 1
| #define HAVE_UNISTD_H 1
| #define HAVE_DLFCN_H 1
| #define LT_OBJDIR ".libs/"
| /* end confdefs.h.  */
| 
| int
| main ()
| {
| 
|   ;
|   return 0;
| }
configure:11868: result: no
configure:11880: checking warning make an error on compilation
configure:12038: checking for seteuid
configure:12038: gcc -o conftest -g -O2 -fno-strict-aliasing -Wall   conftest.c  >&5
configure:12038: $? = 0
configure:12038: result: yes
configure:12050: checking for arc4random
configure:12050: gcc -o conftest -g -O2 -fno-strict-aliasing -Wall   conftest.c  >&5
/tmp/ccuhWNby.o: In function `main':
/root/linphone_build/linphone/oRTP/conftest.c:63: undefined reference to `arc4random'
collect2: ld returned 1 exit status
configure:12050: $? = 1
configure: failed program was:
| /* confdefs.h */
| #define PACKAGE_NAME "ortp"
| #define PACKAGE_TARNAME "ortp"
| #define PACKAGE_VERSION "0.24.2"
| #define PACKAGE_STRING "ortp 0.24.2"
| #define PACKAGE_BUGREPORT ""
| #define PACKAGE_URL ""
| #define PACKAGE "ortp"
| #define VERSION "0.24.2"
| #define ORTP_MAJOR_VERSION 0
| #define ORTP_MINOR_VERSION 24
| #define ORTP_MICRO_VERSION 2
| #define ORTP_VERSION "0.24.2"
| #define STDC_HEADERS 1
| #define HAVE_SYS_TYPES_H 1
| #define HAVE_SYS_STAT_H 1
| #define HAVE_STDLIB_H 1
| #define HAVE_STRING_H 1
| #define HAVE_MEMORY_H 1
| #define HAVE_STRINGS_H 1
| #define HAVE_INTTYPES_H 1
| #define HAVE_STDINT_H 1
| #define HAVE_UNISTD_H 1
| #define HAVE_DLFCN_H 1
| #define LT_OBJDIR ".libs/"
| #define __APPLE_USE_RFC_2292 1
| #define HAVE_SETEUID 1
| /* end confdefs.h.  */
| /* Define arc4random to an innocuous variant, in case <limits.h> declares arc4random.
|    For example, HP-UX 11i <limits.h> declares gettimeofday.  */
| #define arc4random innocuous_arc4random
| 
| /* System header to define __stub macros and hopefully few prototypes,
|     which can conflict with char arc4random (); below.
|     Prefer <limits.h> to <assert.h> if __STDC__ is defined, since
|     <limits.h> exists even on freestanding compilers.  */
| 
| #ifdef __STDC__
| # include <limits.h>
| #else
| # include <assert.h>
| #endif
| 
| #undef arc4random
| 
| /* Override any GCC internal prototype to avoid an error.
|    Use char because int might match the return type of a GCC
|    builtin and then its argument prototype would still apply.  */
| #ifdef __cplusplus
| extern "C"
| #endif
| char arc4random ();
| /* The GNU C library defines this for functions which it implements
|     to always fail with ENOSYS.  Some functions are actually named
|     something starting with __ and the normal name is an alias.  */
| #if defined __stub_arc4random || defined __stub___arc4random
| choke me
| #endif
| 
| int
| main ()
| {
| return arc4random ();
|   ;
|   return 0;
| }
configure:12050: result: no
configure:12061: checking for pthread_mutex_init in -lpthread
configure:12086: gcc -o conftest -g -O2 -fno-strict-aliasing -Wall   conftest.c -lpthread   >&5
configure:12086: $? = 0
configure:12095: result: yes
configure:12128: checking for clock_gettime in -lrt
configure:12153: gcc -o conftest -g -O2 -fno-strict-aliasing -Wall   conftest.c -lrt   >&5
configure:12153: $? = 0
configure:12162: result: yes
configure:12205: checking for ANSI C header files
configure:12309: result: yes
configure:12320: checking poll.h usability
configure:12320: gcc -c -g -O2 -fno-strict-aliasing -Wall  conftest.c >&5
configure:12320: $? = 0
configure:12320: result: yes
configure:12320: checking poll.h presence
configure:12320: gcc -E  conftest.c
configure:12320: $? = 0
configure:12320: result: yes
configure:12320: checking for poll.h
configure:12320: result: yes
configure:12320: checking sys/poll.h usability
configure:12320: gcc -c -g -O2 -fno-strict-aliasing -Wall  conftest.c >&5
configure:12320: $? = 0
configure:12320: result: yes
configure:12320: checking sys/poll.h presence
configure:12320: gcc -E  conftest.c
configure:12320: $? = 0
configure:12320: result: yes
configure:12320: checking for sys/poll.h
configure:12320: result: yes
configure:12320: checking sys/uio.h usability
configure:12320: gcc -c -g -O2 -fno-strict-aliasing -Wall  conftest.c >&5
configure:12320: $? = 0
configure:12320: result: yes
configure:12320: checking sys/uio.h presence
configure:12320: gcc -E  conftest.c
configure:12320: $? = 0
configure:12320: result: yes
configure:12320: checking for sys/uio.h
configure:12320: result: yes
configure:12320: checking fcntl.h usability
configure:12320: gcc -c -g -O2 -fno-strict-aliasing -Wall  conftest.c >&5
configure:12320: $? = 0
configure:12320: result: yes
configure:12320: checking fcntl.h presence
configure:12320: gcc -E  conftest.c
configure:12320: $? = 0
configure:12320: result: yes
configure:12320: checking for fcntl.h
configure:12320: result: yes
configure:12320: checking sys/time.h usability
configure:12320: gcc -c -g -O2 -fno-strict-aliasing -Wall  conftest.c >&5
configure:12320: $? = 0
configure:12320: result: yes
configure:12320: checking sys/time.h presence
configure:12320: gcc -E  conftest.c
configure:12320: $? = 0
configure:12320: result: yes
configure:12320: checking for sys/time.h
configure:12320: result: yes
configure:12320: checking for unistd.h
configure:12320: result: yes
configure:12320: checking sys/audio.h usability
configure:12320: gcc -c -g -O2 -fno-strict-aliasing -Wall  conftest.c >&5
conftest.c:70:23: fatal error: sys/audio.h: No such file or directory
compilation terminated.
configure:12320: $? = 1
configure: failed program was:
| /* confdefs.h */
| #define PACKAGE_NAME "ortp"
| #define PACKAGE_TARNAME "ortp"
| #define PACKAGE_VERSION "0.24.2"
| #define PACKAGE_STRING "ortp 0.24.2"
| #define PACKAGE_BUGREPORT ""
| #define PACKAGE_URL ""
| #define PACKAGE "ortp"
| #define VERSION "0.24.2"
| #define ORTP_MAJOR_VERSION 0
| #define ORTP_MINOR_VERSION 24
| #define ORTP_MICRO_VERSION 2
| #define ORTP_VERSION "0.24.2"
| #define STDC_HEADERS 1
| #define HAVE_SYS_TYPES_H 1
| #define HAVE_SYS_STAT_H 1
| #define HAVE_STDLIB_H 1
| #define HAVE_STRING_H 1
| #define HAVE_MEMORY_H 1
| #define HAVE_STRINGS_H 1
| #define HAVE_INTTYPES_H 1
| #define HAVE_STDINT_H 1
| #define HAVE_UNISTD_H 1
| #define HAVE_DLFCN_H 1
| #define LT_OBJDIR ".libs/"
| #define __APPLE_USE_RFC_2292 1
| #define HAVE_SETEUID 1
| #define ORTP_DEFAULT_THREAD_STACK_SIZE 0
| #define STDC_HEADERS 1
| #define HAVE_POLL_H 1
| #define HAVE_SYS_POLL_H 1
| #define HAVE_SYS_UIO_H 1
| #define HAVE_FCNTL_H 1
| #define HAVE_SYS_TIME_H 1
| #define HAVE_UNISTD_H 1
| /* end confdefs.h.  */
| #include <stdio.h>
| #ifdef HAVE_SYS_TYPES_H
| # include <sys/types.h>
| #endif
| #ifdef HAVE_SYS_STAT_H
| # include <sys/stat.h>
| #endif
| #ifdef STDC_HEADERS
| # include <stdlib.h>
| # include <stddef.h>
| #else
| # ifdef HAVE_STDLIB_H
| #  include <stdlib.h>
| # endif
| #endif
| #ifdef HAVE_STRING_H
| # if !defined STDC_HEADERS && defined HAVE_MEMORY_H
| #  include <memory.h>
| # endif
| # include <string.h>
| #endif
| #ifdef HAVE_STRINGS_H
| # include <strings.h>
| #endif
| #ifdef HAVE_INTTYPES_H
| # include <inttypes.h>
| #endif
| #ifdef HAVE_STDINT_H
| # include <stdint.h>
| #endif
| #ifdef HAVE_UNISTD_H
| # include <unistd.h>
| #endif
| #include <sys/audio.h>
configure:12320: result: no
configure:12320: checking sys/audio.h presence
configure:12320: gcc -E  conftest.c
conftest.c:37:23: fatal error: sys/audio.h: No such file or directory
compilation terminated.
configure:12320: $? = 1
configure: failed program was:
| /* confdefs.h */
| #define PACKAGE_NAME "ortp"
| #define PACKAGE_TARNAME "ortp"
| #define PACKAGE_VERSION "0.24.2"
| #define PACKAGE_STRING "ortp 0.24.2"
| #define PACKAGE_BUGREPORT ""
| #define PACKAGE_URL ""
| #define PACKAGE "ortp"
| #define VERSION "0.24.2"
| #define ORTP_MAJOR_VERSION 0
| #define ORTP_MINOR_VERSION 24
| #define ORTP_MICRO_VERSION 2
| #define ORTP_VERSION "0.24.2"
| #define STDC_HEADERS 1
| #define HAVE_SYS_TYPES_H 1
| #define HAVE_SYS_STAT_H 1
| #define HAVE_STDLIB_H 1
| #define HAVE_STRING_H 1
| #define HAVE_MEMORY_H 1
| #define HAVE_STRINGS_H 1
| #define HAVE_INTTYPES_H 1
| #define HAVE_STDINT_H 1
| #define HAVE_UNISTD_H 1
| #define HAVE_DLFCN_H 1
| #define LT_OBJDIR ".libs/"
| #define __APPLE_USE_RFC_2292 1
| #define HAVE_SETEUID 1
| #define ORTP_DEFAULT_THREAD_STACK_SIZE 0
| #define STDC_HEADERS 1
| #define HAVE_POLL_H 1
| #define HAVE_SYS_POLL_H 1
| #define HAVE_SYS_UIO_H 1
| #define HAVE_FCNTL_H 1
| #define HAVE_SYS_TIME_H 1
| #define HAVE_UNISTD_H 1
| /* end confdefs.h.  */
| #include <sys/audio.h>
configure:12320: result: no
configure:12320: checking for sys/audio.h
configure:12320: result: no
configure:12320: checking linux/soundcard.h usability
configure:12320: gcc -c -g -O2 -fno-strict-aliasing -Wall  conftest.c >&5
configure:12320: $? = 0
configure:12320: result: yes
configure:12320: checking linux/soundcard.h presence
configure:12320: gcc -E  conftest.c
configure:12320: $? = 0
configure:12320: result: yes
configure:12320: checking for linux/soundcard.h
configure:12320: result: yes
configure:12320: checking sys/shm.h usability
configure:12320: gcc -c -g -O2 -fno-strict-aliasing -Wall  conftest.c >&5
configure:12320: $? = 0
configure:12320: result: yes
configure:12320: checking sys/shm.h presence
configure:12320: gcc -E  conftest.c
configure:12320: $? = 0
configure:12320: result: yes
configure:12320: checking for sys/shm.h
configure:12320: result: yes
configure:12331: checking for an ANSI C-conforming const
configure:12397: gcc -c -g -O2 -fno-strict-aliasing -Wall  conftest.c >&5
configure:12397: $? = 0
configure:12404: result: yes
configure:12412: checking for inline
configure:12428: gcc -c -g -O2 -fno-strict-aliasing -Wall  conftest.c >&5
configure:12428: $? = 0
configure:12436: result: inline
configure:12454: checking whether time.h and sys/time.h may both be included
configure:12474: gcc -c -g -O2 -fno-strict-aliasing -Wall  conftest.c >&5
configure:12474: $? = 0
configure:12481: result: yes
configure:12489: checking whether byte ordering is bigendian
configure:12504: gcc -c -g -O2 -fno-strict-aliasing -Wall  conftest.c >&5
conftest.c:41:9: error: unknown type name 'not'
conftest.c:41:15: error: expected '=', ',', ';', 'asm' or '__attribute__' before 'universal'
conftest.c:41:15: error: unknown type name 'universal'
configure:12504: $? = 1
configure: failed program was:
| /* confdefs.h */
| #define PACKAGE_NAME "ortp"
| #define PACKAGE_TARNAME "ortp"
| #define PACKAGE_VERSION "0.24.2"
| #define PACKAGE_STRING "ortp 0.24.2"
| #define PACKAGE_BUGREPORT ""
| #define PACKAGE_URL ""
| #define PACKAGE "ortp"
| #define VERSION "0.24.2"
| #define ORTP_MAJOR_VERSION 0
| #define ORTP_MINOR_VERSION 24
| #define ORTP_MICRO_VERSION 2
| #define ORTP_VERSION "0.24.2"
| #define STDC_HEADERS 1
| #define HAVE_SYS_TYPES_H 1
| #define HAVE_SYS_STAT_H 1
| #define HAVE_STDLIB_H 1
| #define HAVE_STRING_H 1
| #define HAVE_MEMORY_H 1
| #define HAVE_STRINGS_H 1
| #define HAVE_INTTYPES_H 1
| #define HAVE_STDINT_H 1
| #define HAVE_UNISTD_H 1
| #define HAVE_DLFCN_H 1
| #define LT_OBJDIR ".libs/"
| #define __APPLE_USE_RFC_2292 1
| #define HAVE_SETEUID 1
| #define ORTP_DEFAULT_THREAD_STACK_SIZE 0
| #define STDC_HEADERS 1
| #define HAVE_POLL_H 1
| #define HAVE_SYS_POLL_H 1
| #define HAVE_SYS_UIO_H 1
| #define HAVE_FCNTL_H 1
| #define HAVE_SYS_TIME_H 1
| #define HAVE_UNISTD_H 1
| #define HAVE_LINUX_SOUNDCARD_H 1
| #define HAVE_SYS_SHM_H 1
| #define TIME_WITH_SYS_TIME 1
| /* end confdefs.h.  */
| #ifndef __APPLE_CC__
| 	       not a universal capable compiler
| 	     #endif
| 	     typedef int dummy;
| 
configure:12549: gcc -c -g -O2 -fno-strict-aliasing -Wall  conftest.c >&5
configure:12549: $? = 0
configure:12567: gcc -c -g -O2 -fno-strict-aliasing -Wall  conftest.c >&5
conftest.c: In function 'main':
conftest.c:47:4: error: unknown type name 'not'
conftest.c:47:12: error: expected '=', ',', ';', 'asm' or '__attribute__' before 'endian'
configure:12567: $? = 1
configure: failed program was:
| /* confdefs.h */
| #define PACKAGE_NAME "ortp"
| #define PACKAGE_TARNAME "ortp"
| #define PACKAGE_VERSION "0.24.2"
| #define PACKAGE_STRING "ortp 0.24.2"
| #define PACKAGE_BUGREPORT ""
| #define PACKAGE_URL ""
| #define PACKAGE "ortp"
| #define VERSION "0.24.2"
| #define ORTP_MAJOR_VERSION 0
| #define ORTP_MINOR_VERSION 24
| #define ORTP_MICRO_VERSION 2
| #define ORTP_VERSION "0.24.2"
| #define STDC_HEADERS 1
| #define HAVE_SYS_TYPES_H 1
| #define HAVE_SYS_STAT_H 1
| #define HAVE_STDLIB_H 1
| #define HAVE_STRING_H 1
| #define HAVE_MEMORY_H 1
| #define HAVE_STRINGS_H 1
| #define HAVE_INTTYPES_H 1
| #define HAVE_STDINT_H 1
| #define HAVE_UNISTD_H 1
| #define HAVE_DLFCN_H 1
| #define LT_OBJDIR ".libs/"
| #define __APPLE_USE_RFC_2292 1
| #define HAVE_SETEUID 1
| #define ORTP_DEFAULT_THREAD_STACK_SIZE 0
| #define STDC_HEADERS 1
| #define HAVE_POLL_H 1
| #define HAVE_SYS_POLL_H 1
| #define HAVE_SYS_UIO_H 1
| #define HAVE_FCNTL_H 1
| #define HAVE_SYS_TIME_H 1
| #define HAVE_UNISTD_H 1
| #define HAVE_LINUX_SOUNDCARD_H 1
| #define HAVE_SYS_SHM_H 1
| #define TIME_WITH_SYS_TIME 1
| /* end confdefs.h.  */
| #include <sys/types.h>
| 		#include <sys/param.h>
| 
| int
| main ()
| {
| #if BYTE_ORDER != BIG_ENDIAN
| 		 not big endian
| 		#endif
| 
|   ;
|   return 0;
| }
configure:12695: result: no
configure:12720: checking for select
configure:12720: gcc -o conftest -g -O2 -fno-strict-aliasing -Wall   conftest.c  >&5
configure:12720: $? = 0
configure:12720: result: yes
configure:12720: checking for socket
configure:12720: gcc -o conftest -g -O2 -fno-strict-aliasing -Wall   conftest.c  >&5
configure:12720: $? = 0
configure:12720: result: yes
configure:12720: checking for strerror
configure:12720: gcc -o conftest -g -O2 -fno-strict-aliasing -Wall   conftest.c  >&5
configure:12720: $? = 0
configure:12720: result: yes
configure:12906: checking for doxygen
configure:12934: result: false
configure:12955: checking for doxygen
configure:12983: result: false
configure:13004: checking for epm
configure:13035: result: false
configure:13045: checking for mkepmlist
configure:13076: result: false
configure:13086: checking for epminstall
configure:13117: result: false
configure:13350: creating ./config.status

## ---------------------- ##
## Running config.status. ##
## ---------------------- ##

This file was extended by ortp config.status 0.24.2, which was
generated by GNU Autoconf 2.69.  Invocation command line was

  CONFIG_FILES    = 
  CONFIG_HEADERS  = 
  CONFIG_LINKS    = 
  CONFIG_COMMANDS = 
  $ ./config.status 

on a20-olimex

config.status:1161: creating Makefile
config.status:1161: creating include/Makefile
config.status:1161: creating include/ortp/Makefile
config.status:1161: creating m4/Makefile
config.status:1161: creating src/Makefile
config.status:1161: creating src/tests/Makefile
config.status:1161: creating src/tests/win_receiver/Makefile
config.status:1161: creating src/tests/win_sender/Makefile
config.status:1161: creating build/Makefile
config.status:1161: creating build/win32native/Makefile
config.status:1161: creating build/wince/Makefile
config.status:1161: creating build/winmob/Makefile
config.status:1161: creating ortp.pc
config.status:1161: creating ortp.spec
config.status:1161: creating ortp.doxygen
config.status:1161: creating ortp-config.h
config.status:1342: ortp-config.h is unchanged
config.status:1390: executing depfiles commands
config.status:1390: executing libtool commands
config.status:1390: executing libtool-hacking commands

## ---------------- ##
## Cache variables. ##
## ---------------- ##

ac_cv_build=armv7l-unknown-linux-gnueabihf
ac_cv_c_bigendian=no
ac_cv_c_compiler_gnu=yes
ac_cv_c_const=yes
ac_cv_c_inline=inline
ac_cv_env_CC_set=
ac_cv_env_CC_value=
ac_cv_env_CFLAGS_set=
ac_cv_env_CFLAGS_value=
ac_cv_env_CPPFLAGS_set=
ac_cv_env_CPPFLAGS_value=
ac_cv_env_CPP_set=
ac_cv_env_CPP_value=
ac_cv_env_LDFLAGS_set=
ac_cv_env_LDFLAGS_value=
ac_cv_env_LIBS_set=
ac_cv_env_LIBS_value=
ac_cv_env_build_alias_set=
ac_cv_env_build_alias_value=
ac_cv_env_host_alias_set=
ac_cv_env_host_alias_value=
ac_cv_env_target_alias_set=
ac_cv_env_target_alias_value=
ac_cv_func_arc4random=no
ac_cv_func_select=yes
ac_cv_func_seteuid=yes
ac_cv_func_socket=yes
ac_cv_func_strerror=yes
ac_cv_header_dlfcn_h=yes
ac_cv_header_fcntl_h=yes
ac_cv_header_inttypes_h=yes
ac_cv_header_linux_soundcard_h=yes
ac_cv_header_memory_h=yes
ac_cv_header_poll_h=yes
ac_cv_header_stdc=yes
ac_cv_header_stdint_h=yes
ac_cv_header_stdlib_h=yes
ac_cv_header_string_h=yes
ac_cv_header_strings_h=yes
ac_cv_header_sys_audio_h=no
ac_cv_header_sys_poll_h=yes
ac_cv_header_sys_shm_h=yes
ac_cv_header_sys_stat_h=yes
ac_cv_header_sys_time_h=yes
ac_cv_header_sys_types_h=yes
ac_cv_header_sys_uio_h=yes
ac_cv_header_time=yes
ac_cv_header_unistd_h=yes
ac_cv_host=armv7l-unknown-linux-gnueabihf
ac_cv_lib_pthread_pthread_mutex_init=yes
ac_cv_lib_rt_clock_gettime=yes
ac_cv_objext=o
ac_cv_path_EGREP='/bin/grep -E'
ac_cv_path_EPM=false
ac_cv_path_EPMINSTALL=false
ac_cv_path_FGREP='/bin/grep -F'
ac_cv_path_GREP=/bin/grep
ac_cv_path_MKEPMLIST=false
ac_cv_path_SED=/bin/sed
ac_cv_path_install='/usr/bin/install -c'
ac_cv_path_mkdir=/bin/mkdir
ac_cv_prog_AWK=mawk
ac_cv_prog_CPP='gcc -E'
ac_cv_prog_DOXYGEN=false
ac_cv_prog_ac_ct_AR=ar
ac_cv_prog_ac_ct_CC=gcc
ac_cv_prog_ac_ct_MANIFEST_TOOL=mt
ac_cv_prog_ac_ct_OBJDUMP=objdump
ac_cv_prog_ac_ct_RANLIB=ranlib
ac_cv_prog_ac_ct_STRIP=strip
ac_cv_prog_cc_c89=
ac_cv_prog_cc_g=yes
ac_cv_prog_make_make_set=yes
ac_cv_target=armv7l-unknown-linux-gnueabihf
am_cv_CC_dependencies_compiler_type=gcc3
am_cv_make_support_nested_variables=yes
am_cv_prog_tar_ustar=gnutar
gl_cv_ld_output_def=no
lt_cv_ar_at_file=@
lt_cv_archive_cmds_need_lc=no
lt_cv_deplibs_check_method=pass_all
lt_cv_file_magic_cmd='$MAGIC_CMD'
lt_cv_file_magic_test_file=
lt_cv_ld_reload_flag=-r
lt_cv_nm_interface='BSD nm'
lt_cv_objdir=.libs
lt_cv_path_LD=/usr/bin/ld
lt_cv_path_NM='/usr/bin/nm -B'
lt_cv_path_mainfest_tool=no
lt_cv_prog_compiler_c_o=yes
lt_cv_prog_compiler_pic='-fPIC -DPIC'
lt_cv_prog_compiler_pic_works=yes
lt_cv_prog_compiler_rtti_exceptions=no
lt_cv_prog_compiler_static_works=yes
lt_cv_prog_gnu_ld=yes
lt_cv_sharedlib_from_linklib_cmd='printf %s\n'
lt_cv_shlibpath_overrides_runpath=no
lt_cv_sys_global_symbol_pipe='sed -n -e '\''s/^.*[	 ]\([ABCDGIRSTW][ABCDGIRSTW]*\)[	 ][	 ]*\([_A-Za-z][_A-Za-z0-9]*\)$/\1 \2 \2/p'\'' | sed '\''/ __gnu_lto/d'\'''
lt_cv_sys_global_symbol_to_c_name_address='sed -n -e '\''s/^: \([^ ]*\)[ ]*$/  {\"\1\", (void *) 0},/p'\'' -e '\''s/^[ABCDGIRSTW]* \([^ ]*\) \([^ ]*\)$/  {"\2", (void *) \&\2},/p'\'''
lt_cv_sys_global_symbol_to_c_name_address_lib_prefix='sed -n -e '\''s/^: \([^ ]*\)[ ]*$/  {\"\1\", (void *) 0},/p'\'' -e '\''s/^[ABCDGIRSTW]* \([^ ]*\) \(lib[^ ]*\)$/  {"\2", (void *) \&\2},/p'\'' -e '\''s/^[ABCDGIRSTW]* \([^ ]*\) \([^ ]*\)$/  {"lib\2", (void *) \&\2},/p'\'''
lt_cv_sys_global_symbol_to_cdecl='sed -n -e '\''s/^T .* \(.*\)$/extern int \1();/p'\'' -e '\''s/^[ABCDGIRSTW]* .* \(.*\)$/extern char \1;/p'\'''
lt_cv_sys_max_cmd_len=1572864
lt_cv_to_host_file_cmd=func_convert_file_noop
lt_cv_to_tool_file_cmd=func_convert_file_noop

## ----------------- ##
## Output variables. ##
## ----------------- ##

ACLOCAL='${SHELL} /root/linphone_build/linphone/missing --run aclocal-1.11'
AMDEPBACKSLASH='\'
AMDEP_FALSE='#'
AMDEP_TRUE=''
AMTAR='$${TAR-tar}'
AM_BACKSLASH='\'
AM_DEFAULT_V='$(AM_DEFAULT_VERBOSITY)'
AM_DEFAULT_VERBOSITY='0'
AM_V='$(V)'
AR='ar'
ARCH='armv7l'
AS='as'
AUTOCONF='${SHELL} /root/linphone_build/linphone/missing --run autoconf'
AUTOHEADER='${SHELL} /root/linphone_build/linphone/missing --run autoheader'
AUTOMAKE='${SHELL} /root/linphone_build/linphone/missing --run automake-1.11'
AWK='mawk'
BUILD_WIN32_FALSE=''
BUILD_WIN32_TRUE='#'
CC='gcc'
CCDEPMODE='depmode=gcc3'
CFLAGS='-g -O2 -fno-strict-aliasing -Wall '
CPP='gcc -E'
CPPFLAGS=''
CYGPATH_W='echo'
DEFS='-DHAVE_CONFIG_H'
DEPDIR='.deps'
DLLTOOL='false'
DOXYGEN='false'
DSYMUTIL=''
DUMPBIN=''
ECHO_C=''
ECHO_N='-n'
ECHO_T=''
EGREP='/bin/grep -E'
ENABLE_TESTS_FALSE=''
ENABLE_TESTS_TRUE='#'
EPM='false'
EPMINSTALL='false'
EPM_PKG_EXT='deb'
EXEEXT=''
FGREP='/bin/grep -F'
GREP='/bin/grep'
HAVE_DOXYGEN_FALSE=''
HAVE_DOXYGEN_TRUE='#'
HAVE_LD_OUTPUT_DEF_FALSE=''
HAVE_LD_OUTPUT_DEF_TRUE='#'
INSTALL_DATA='${INSTALL} -m 644'
INSTALL_PROGRAM='${INSTALL}'
INSTALL_SCRIPT='${INSTALL}'
INSTALL_STRIP_PROGRAM='$(install_sh) -c -s'
LD='/usr/bin/ld'
LDFLAGS=''
LIBOBJS=''
LIBORTP_SO_CURRENT='9'
LIBORTP_SO_VERSION='9:0:0'
LIBS=''
LIBTOOL='$(SHELL) $(top_builddir)/libtool'
LICENSE='LGPL'
LIPO=''
LN_S='ln -s'
LTLIBOBJS=''
MAKEINFO='${SHELL} /root/linphone_build/linphone/missing --run makeinfo'
MANIFEST_TOOL=':'
MKDIR_P='/bin/mkdir -p'
MKEPMLIST='false'
NM='/usr/bin/nm -B'
NMEDIT=''
OBJDUMP='objdump'
OBJEXT='o'
ORTPDEPS_CFLAGS=' -D_REENTRANT '
ORTPDEPS_LDFLAGS=''
ORTPDEPS_LIBS=' -lpthread  -lrt '
ORTP_PKGCONFIG_VERSION='0.24.2'
ORTP_VERSION='0.24.2'
OTOOL64=''
OTOOL=''
PACKAGE='ortp'
PACKAGER='anonymous'
PACKAGE_BUGREPORT=''
PACKAGE_NAME='ortp'
PACKAGE_STRING='ortp 0.24.2'
PACKAGE_TARNAME='ortp'
PACKAGE_URL=''
PACKAGE_VERSION='0.24.2'
PATH_SEPARATOR=':'
PTHREAD_CFLAGS='-D_REENTRANT'
PTHREAD_LDFLAGS=''
PTHREAD_LIBS='-lpthread'
RANLIB='ranlib'
RELEASE='1'
RT_LIBS='-lrt'
SED='/bin/sed'
SET_MAKE=''
SHELL='/bin/bash'
SSL_LIBS=''
STRICT_OPTIONS='-Wall -Wuninitialized -Werror'
STRICT_OPTIONS_CC='-Wdeclaration-after-statement '
STRICT_OPTIONS_CXX=''
STRIP='strip'
SUMMARY='An LGPL implementation of RTP - RFC3550'
SYS_GROUP='root'
SYS_USER='root'
VENDOR='Linphone'
VERSION='0.24.2'
WITH_EPM_FALSE=''
WITH_EPM_TRUE='#'
ac_ct_AR='ar'
ac_ct_CC='gcc'
ac_ct_DUMPBIN=''
am__EXEEXT_FALSE=''
am__EXEEXT_TRUE='#'
am__fastdepCC_FALSE='#'
am__fastdepCC_TRUE=''
am__include='include'
am__isrc=''
am__leading_dot='.'
am__nodep='_no'
am__quote=''
am__tar='tar --format=ustar -chf - "$$tardir"'
am__untar='tar -xf -'
bindir='${exec_prefix}/bin'
build='armv7l-unknown-linux-gnueabihf'
build_alias=''
build_cpu='armv7l'
build_os='linux-gnueabihf'
build_vendor='unknown'
datadir='${datarootdir}'
datarootdir='${prefix}/share'
docdir='${datarootdir}/doc'
dvidir='${docdir}'
exec_prefix='${prefix}'
host='armv7l-unknown-linux-gnueabihf'
host_alias=''
host_cpu='armv7l'
host_os='linux-gnueabihf'
host_vendor='unknown'
htmldir='${docdir}'
includedir='${prefix}/include'
infodir='${datarootdir}/info'
install_sh='${SHELL} /root/linphone_build/linphone/install-sh'
libdir='${exec_prefix}/lib'
libexecdir='${exec_prefix}/libexec'
localedir='${datarootdir}/locale'
localstatedir='${prefix}/var'
mandir='${datarootdir}/man'
oldincludedir='/usr/include'
pdfdir='${docdir}'
prefix='/usr/local'
program_transform_name='s,x,x,'
psdir='${docdir}'
sbindir='${exec_prefix}/sbin'
sharedstatedir='${prefix}/com'
sysconfdir='${prefix}/etc'
target='armv7l-unknown-linux-gnueabihf'
target_alias=''
target_cpu='armv7l'
target_os='linux-gnueabihf'
target_vendor='unknown'

## ----------- ##
## confdefs.h. ##
## ----------- ##

/* confdefs.h */
#define PACKAGE_NAME "ortp"
#define PACKAGE_TARNAME "ortp"
#define PACKAGE_VERSION "0.24.2"
#define PACKAGE_STRING "ortp 0.24.2"
#define PACKAGE_BUGREPORT ""
#define PACKAGE_URL ""
#define PACKAGE "ortp"
#define VERSION "0.24.2"
#define ORTP_MAJOR_VERSION 0
#define ORTP_MINOR_VERSION 24
#define ORTP_MICRO_VERSION 2
#define ORTP_VERSION "0.24.2"
#define STDC_HEADERS 1
#define HAVE_SYS_TYPES_H 1
#define HAVE_SYS_STAT_H 1
#define HAVE_STDLIB_H 1
#define HAVE_STRING_H 1
#define HAVE_MEMORY_H 1
#define HAVE_STRINGS_H 1
#define HAVE_INTTYPES_H 1
#define HAVE_STDINT_H 1
#define HAVE_UNISTD_H 1
#define HAVE_DLFCN_H 1
#define LT_OBJDIR ".libs/"
#define __APPLE_USE_RFC_2292 1
#define HAVE_SETEUID 1
#define ORTP_DEFAULT_THREAD_STACK_SIZE 0
#define STDC_HEADERS 1
#define HAVE_POLL_H 1
#define HAVE_SYS_POLL_H 1
#define HAVE_SYS_UIO_H 1
#define HAVE_FCNTL_H 1
#define HAVE_SYS_TIME_H 1
#define HAVE_UNISTD_H 1
#define HAVE_LINUX_SOUNDCARD_H 1
#define HAVE_SYS_SHM_H 1
#define TIME_WITH_SYS_TIME 1
#define HAVE_SELECT 1
#define HAVE_SOCKET 1
#define HAVE_STRERROR 1
#define POSIXTIMER_INTERVAL 10000

configure: exit 0

## ---------------------- ##
## Running config.status. ##
## ---------------------- ##

This file was extended by ortp config.status 0.24.2, which was
generated by GNU Autoconf 2.69.  Invocation command line was

  CONFIG_FILES    = 
  CONFIG_HEADERS  = 
  CONFIG_LINKS    = 
  CONFIG_COMMANDS = 
  $ ./config.status ortp-config.h

on a20-olimex

config.status:1161: creating ortp-config.h
config.status:1342: ortp-config.h is unchanged
